<?xml version="1.0" encoding="UTF-8"?>
<testsuite name="org.thinkbigthings.zdd.server.SpecificationIntegrationTest" tests="3" skipped="0" failures="0" errors="0" timestamp="2022-12-10T20:44:09" hostname="MAC-jyoung.local" time="1.059">
  <properties/>
  <testcase name="testFindByTerpeneAmounts()" classname="org.thinkbigthings.zdd.server.SpecificationIntegrationTest" time="0.31"/>
  <testcase name="Test Specification queries from dto request" classname="org.thinkbigthings.zdd.server.SpecificationIntegrationTest" time="0.302"/>
  <testcase name="Test Specification queries from saved searches" classname="org.thinkbigthings.zdd.server.SpecificationIntegrationTest" time="0.445"/>
  <system-out><![CDATA[2022-12-10T15:44:09.586-05:00  INFO 63538 --- [    Test worker] t.c.s.AnnotationConfigContextLoaderUtils : Could not detect default configuration classes for test class [org.thinkbigthings.zdd.server.SpecificationIntegrationTest]: SpecificationIntegrationTest does not declare any static, non-private, non-final, nested classes annotated with @Configuration.
2022-12-10T15:44:09.586-05:00  INFO 63538 --- [    Test worker] .b.t.c.SpringBootTestContextBootstrapper : Found @SpringBootConfiguration org.thinkbigthings.zdd.server.Application for test class org.thinkbigthings.zdd.server.SpecificationIntegrationTest
2022-12-10T15:44:09.589-05:00  INFO 63538 --- [    Test worker] o.t.zdd.server.IntegrationTest           : 
2022-12-10T15:44:09.589-05:00  INFO 63538 --- [    Test worker] o.t.zdd.server.IntegrationTest           : =======================================================================================
2022-12-10T15:44:09.589-05:00  INFO 63538 --- [    Test worker] o.t.zdd.server.IntegrationTest           : Executing test testFindByTerpeneAmounts()
2022-12-10T15:44:09.589-05:00  INFO 63538 --- [    Test worker] o.t.zdd.server.IntegrationTest           : using web server port 52866
2022-12-10T15:44:09.589-05:00  INFO 63538 --- [    Test worker] o.t.zdd.server.IntegrationTest           : TestContainer jdbc url: jdbc:postgresql://localhost:5432/test?autosave=conservative&loggerLevel=OFF
2022-12-10T15:44:09.589-05:00  INFO 63538 --- [    Test worker] o.t.zdd.server.IntegrationTest           : TestContainer username: test
2022-12-10T15:44:09.589-05:00  INFO 63538 --- [    Test worker] o.t.zdd.server.IntegrationTest           : TestContainer password: test
2022-12-10T15:44:09.589-05:00  INFO 63538 --- [    Test worker] o.t.zdd.server.IntegrationTest           : 
2022-12-10T15:44:09.590-05:00 DEBUG 63538 --- [    Test worker] org.hibernate.SQL                        : insert into store (name, website) values (?, ?)
Couldn't parse item {strain=GRAMS , terpinolene=, cbd=CBD, caryophyllene=, myrcene=, type=_Grams, thc=THC, limonene=, humulene=, vendor=GROWER, price=$, dominance=, linalool=, category=flower, wt=WT, bisabolol=, pinene=, allterpsblank=}, exception message: Could not extract subspecies from Strain img
Couldn't parse item {strain=<img src="https://keystoneshops.com/media/Hybrid-Icon-100.png" alt="Hybrid" width="20" height="20"> Birthday Cake <img src="https://keystoneshops.com/media/Caryophyllene-Icon-100.png" alt="Caryophyllene" width="13" height="13">   <img src="https://keystoneshops.com/media/Myrcene-Icon-100.png" alt="Myrcene" width="13" height="13">   <img src="https://keystoneshops.com/media/Limonene-Icon-100.png" alt="Limonene" width="13" height="13">  , terpinolene=, cbd=0.00%, caryophyllene=0.61%, myrcene=0.55%, type=Grams, thc=25.67%, limonene=0.28%, humulene=0.16%, vendor=Grassroots, price=, dominance=, linalool=0.19%, category=flower, wt=, bisabolol=0.07%, pinene=0.03%, allterpsblank=}, exception message: Could not parse price from 
Couldn't parse item {strain=<img src="https://keystoneshops.com/media/Hybrid-Icon-100.png" alt="Hybrid" width="20" height="20"> Garlic Cookies <img src="https://keystoneshops.com/media/Myrcene-Icon-100.png" alt="Myrcene" width="13" height="13">   <img src="https://keystoneshops.com/media/Limonene-Icon-100.png" alt="Limonene" width="13" height="13">   <img src="https://keystoneshops.com/media/Caryophyllene-Icon-100.png" alt="Caryophyllene" width="13" height="13">  , terpinolene=0.00%, cbd=0.00%, caryophyllene=0.35%, myrcene=0.49%, type=Grams, thc=29.19%, limonene=0.43%, humulene=0.14%, vendor=Grassroots, price=, dominance=, linalool=0.06%, category=flower, wt=, bisabolol=0.11%, pinene=0.03%, allterpsblank=}, exception message: Could not parse price from 
Couldn't parse item {strain=<img src="https://keystoneshops.com/media/Hybrid-Icon-100.png" alt="Hybrid" width="20" height="20"> Star Dawg x Northern Lights Haze #1 <img src="https://keystoneshops.com/media/Caryophyllene-Icon-100.png" alt="Caryophyllene" width="13" height="13">   <img src="https://keystoneshops.com/media/Limonene-Icon-100.png" alt="Limonene" width="13" height="13">   <img src="https://keystoneshops.com/media/Linalool-Icon-100.png" alt="Linalool" width="13" height="13">  , terpinolene=0.00%, cbd=0.00%, caryophyllene=0.49%, myrcene=0.19%, type=Grams, thc=21.74%, limonene=0.29%, humulene=0.15%, vendor=Grassroots, price=, dominance=, linalool=0.20%, category=flower, wt=, bisabolol=0.14%, pinene=0.02%, allterpsblank=}, exception message: Could not parse price from 
Couldn't parse item {strain=<img src="https://keystoneshops.com/media/Indica-Icon-100.png" alt="Indica" width="20" height="20"> WiFi Glue <img src="https://keystoneshops.com/media/Caryophyllene-Icon-100.png" alt="Caryophyllene" width="13" height="13">   <img src="https://keystoneshops.com/media/Limonene-Icon-100.png" alt="Limonene" width="13" height="13">   <img src="https://keystoneshops.com/media/Humulene-Icon-100.png" alt="Humulene" width="13" height="13">  , terpinolene=, cbd=0.08%, caryophyllene=0.94%, myrcene=0.27%, type=Grams, thc=30.43%, limonene=0.38%, humulene=0.28%, vendor=gLeaf, price=, dominance=, linalool=0.06%, category=flower, wt=, bisabolol=0.05%, pinene=0.03%, allterpsblank=}, exception message: Could not parse price from 
Couldn't parse item {strain=EIGHTHS , terpinolene=, cbd=CBD, caryophyllene=, myrcene=, type=_Eighths, thc=THC, limonene=, humulene=, vendor=GROWER, price=$, dominance=, linalool=, category=flower, wt=WT, bisabolol=, pinene=, allterpsblank=}, exception message: Could not extract subspecies from Strain img
Couldn't parse item {strain=QUARTERS , terpinolene=, cbd=CBD, caryophyllene=, myrcene=, type=_Quarters, thc=THC, limonene=, humulene=, vendor=GROWER, price=$, dominance=, linalool=, category=flower, wt=WT, bisabolol=, pinene=, allterpsblank=}, exception message: Could not extract subspecies from Strain img
2022-12-10T15:44:09.600-05:00 DEBUG 63538 --- [    Test worker] org.hibernate.SQL                        : select s1_0.id,s1_0.name,s1_0.website from store s1_0 where s1_0.name=?
2022-12-10T15:44:09.602-05:00 DEBUG 63538 --- [    Test worker] org.hibernate.SQL                        : select i1_0.store_id,i1_0.id,i1_0.added,i1_0.bisabolol_percent,i1_0.caryophyllene_percent,i1_0.cbd_percent,i1_0.humulene_percent,i1_0.limonene_percent,i1_0.linalool_percent,i1_0.myrcene_percent,i1_0.pinene_percent,i1_0.price_dollars,i1_0.strain,i1_0.subspecies_id,i1_0.terpinolene_percent,i1_0.thc_percent,i1_0.vendor,i1_0.weight_grams from store_item i1_0 where i1_0.store_id=?
2022-12-10T15:44:09.604-05:00 DEBUG 63538 --- [    Test worker] org.hibernate.SQL                        : insert into store_item (added, bisabolol_percent, caryophyllene_percent, cbd_percent, humulene_percent, limonene_percent, linalool_percent, myrcene_percent, pinene_percent, price_dollars, store_id, strain, subspecies_id, terpinolene_percent, thc_percent, vendor, weight_grams) values (?, ?, ?, ?, ?, ?, ?, ?, ?, ?, ?, ?, ?, ?, ?, ?, ?)
2022-12-10T15:44:09.606-05:00 DEBUG 63538 --- [    Test worker] org.hibernate.SQL                        : insert into store_item (added, bisabolol_percent, caryophyllene_percent, cbd_percent, humulene_percent, limonene_percent, linalool_percent, myrcene_percent, pinene_percent, price_dollars, store_id, strain, subspecies_id, terpinolene_percent, thc_percent, vendor, weight_grams) values (?, ?, ?, ?, ?, ?, ?, ?, ?, ?, ?, ?, ?, ?, ?, ?, ?)
2022-12-10T15:44:09.607-05:00 DEBUG 63538 --- [    Test worker] org.hibernate.SQL                        : insert into store_item (added, bisabolol_percent, caryophyllene_percent, cbd_percent, humulene_percent, limonene_percent, linalool_percent, myrcene_percent, pinene_percent, price_dollars, store_id, strain, subspecies_id, terpinolene_percent, thc_percent, vendor, weight_grams) values (?, ?, ?, ?, ?, ?, ?, ?, ?, ?, ?, ?, ?, ?, ?, ?, ?)
2022-12-10T15:44:09.608-05:00 DEBUG 63538 --- [    Test worker] org.hibernate.SQL                        : insert into store_item (added, bisabolol_percent, caryophyllene_percent, cbd_percent, humulene_percent, limonene_percent, linalool_percent, myrcene_percent, pinene_percent, price_dollars, store_id, strain, subspecies_id, terpinolene_percent, thc_percent, vendor, weight_grams) values (?, ?, ?, ?, ?, ?, ?, ?, ?, ?, ?, ?, ?, ?, ?, ?, ?)
2022-12-10T15:44:09.609-05:00 DEBUG 63538 --- [    Test worker] org.hibernate.SQL                        : insert into store_item (added, bisabolol_percent, caryophyllene_percent, cbd_percent, humulene_percent, limonene_percent, linalool_percent, myrcene_percent, pinene_percent, price_dollars, store_id, strain, subspecies_id, terpinolene_percent, thc_percent, vendor, weight_grams) values (?, ?, ?, ?, ?, ?, ?, ?, ?, ?, ?, ?, ?, ?, ?, ?, ?)
2022-12-10T15:44:09.611-05:00 DEBUG 63538 --- [    Test worker] org.hibernate.SQL                        : insert into store_item (added, bisabolol_percent, caryophyllene_percent, cbd_percent, humulene_percent, limonene_percent, linalool_percent, myrcene_percent, pinene_percent, price_dollars, store_id, strain, subspecies_id, terpinolene_percent, thc_percent, vendor, weight_grams) values (?, ?, ?, ?, ?, ?, ?, ?, ?, ?, ?, ?, ?, ?, ?, ?, ?)
2022-12-10T15:44:09.612-05:00 DEBUG 63538 --- [    Test worker] org.hibernate.SQL                        : insert into store_item (added, bisabolol_percent, caryophyllene_percent, cbd_percent, humulene_percent, limonene_percent, linalool_percent, myrcene_percent, pinene_percent, price_dollars, store_id, strain, subspecies_id, terpinolene_percent, thc_percent, vendor, weight_grams) values (?, ?, ?, ?, ?, ?, ?, ?, ?, ?, ?, ?, ?, ?, ?, ?, ?)
2022-12-10T15:44:09.613-05:00 DEBUG 63538 --- [    Test worker] org.hibernate.SQL                        : insert into store_item (added, bisabolol_percent, caryophyllene_percent, cbd_percent, humulene_percent, limonene_percent, linalool_percent, myrcene_percent, pinene_percent, price_dollars, store_id, strain, subspecies_id, terpinolene_percent, thc_percent, vendor, weight_grams) values (?, ?, ?, ?, ?, ?, ?, ?, ?, ?, ?, ?, ?, ?, ?, ?, ?)
2022-12-10T15:44:09.614-05:00 DEBUG 63538 --- [    Test worker] org.hibernate.SQL                        : insert into store_item (added, bisabolol_percent, caryophyllene_percent, cbd_percent, humulene_percent, limonene_percent, linalool_percent, myrcene_percent, pinene_percent, price_dollars, store_id, strain, subspecies_id, terpinolene_percent, thc_percent, vendor, weight_grams) values (?, ?, ?, ?, ?, ?, ?, ?, ?, ?, ?, ?, ?, ?, ?, ?, ?)
2022-12-10T15:44:09.615-05:00 DEBUG 63538 --- [    Test worker] org.hibernate.SQL                        : insert into store_item (added, bisabolol_percent, caryophyllene_percent, cbd_percent, humulene_percent, limonene_percent, linalool_percent, myrcene_percent, pinene_percent, price_dollars, store_id, strain, subspecies_id, terpinolene_percent, thc_percent, vendor, weight_grams) values (?, ?, ?, ?, ?, ?, ?, ?, ?, ?, ?, ?, ?, ?, ?, ?, ?)
2022-12-10T15:44:09.616-05:00 DEBUG 63538 --- [    Test worker] org.hibernate.SQL                        : insert into store_item (added, bisabolol_percent, caryophyllene_percent, cbd_percent, humulene_percent, limonene_percent, linalool_percent, myrcene_percent, pinene_percent, price_dollars, store_id, strain, subspecies_id, terpinolene_percent, thc_percent, vendor, weight_grams) values (?, ?, ?, ?, ?, ?, ?, ?, ?, ?, ?, ?, ?, ?, ?, ?, ?)
2022-12-10T15:44:09.617-05:00 DEBUG 63538 --- [    Test worker] org.hibernate.SQL                        : insert into store_item (added, bisabolol_percent, caryophyllene_percent, cbd_percent, humulene_percent, limonene_percent, linalool_percent, myrcene_percent, pinene_percent, price_dollars, store_id, strain, subspecies_id, terpinolene_percent, thc_percent, vendor, weight_grams) values (?, ?, ?, ?, ?, ?, ?, ?, ?, ?, ?, ?, ?, ?, ?, ?, ?)
2022-12-10T15:44:09.619-05:00 DEBUG 63538 --- [    Test worker] org.hibernate.SQL                        : insert into store_item (added, bisabolol_percent, caryophyllene_percent, cbd_percent, humulene_percent, limonene_percent, linalool_percent, myrcene_percent, pinene_percent, price_dollars, store_id, strain, subspecies_id, terpinolene_percent, thc_percent, vendor, weight_grams) values (?, ?, ?, ?, ?, ?, ?, ?, ?, ?, ?, ?, ?, ?, ?, ?, ?)
2022-12-10T15:44:09.620-05:00 DEBUG 63538 --- [    Test worker] org.hibernate.SQL                        : insert into store_item (added, bisabolol_percent, caryophyllene_percent, cbd_percent, humulene_percent, limonene_percent, linalool_percent, myrcene_percent, pinene_percent, price_dollars, store_id, strain, subspecies_id, terpinolene_percent, thc_percent, vendor, weight_grams) values (?, ?, ?, ?, ?, ?, ?, ?, ?, ?, ?, ?, ?, ?, ?, ?, ?)
2022-12-10T15:44:09.621-05:00 DEBUG 63538 --- [    Test worker] org.hibernate.SQL                        : insert into store_item (added, bisabolol_percent, caryophyllene_percent, cbd_percent, humulene_percent, limonene_percent, linalool_percent, myrcene_percent, pinene_percent, price_dollars, store_id, strain, subspecies_id, terpinolene_percent, thc_percent, vendor, weight_grams) values (?, ?, ?, ?, ?, ?, ?, ?, ?, ?, ?, ?, ?, ?, ?, ?, ?)
2022-12-10T15:44:09.622-05:00 DEBUG 63538 --- [    Test worker] org.hibernate.SQL                        : insert into store_item (added, bisabolol_percent, caryophyllene_percent, cbd_percent, humulene_percent, limonene_percent, linalool_percent, myrcene_percent, pinene_percent, price_dollars, store_id, strain, subspecies_id, terpinolene_percent, thc_percent, vendor, weight_grams) values (?, ?, ?, ?, ?, ?, ?, ?, ?, ?, ?, ?, ?, ?, ?, ?, ?)
2022-12-10T15:44:09.623-05:00 DEBUG 63538 --- [    Test worker] org.hibernate.SQL                        : insert into store_item (added, bisabolol_percent, caryophyllene_percent, cbd_percent, humulene_percent, limonene_percent, linalool_percent, myrcene_percent, pinene_percent, price_dollars, store_id, strain, subspecies_id, terpinolene_percent, thc_percent, vendor, weight_grams) values (?, ?, ?, ?, ?, ?, ?, ?, ?, ?, ?, ?, ?, ?, ?, ?, ?)
2022-12-10T15:44:09.624-05:00 DEBUG 63538 --- [    Test worker] org.hibernate.SQL                        : insert into store_item (added, bisabolol_percent, caryophyllene_percent, cbd_percent, humulene_percent, limonene_percent, linalool_percent, myrcene_percent, pinene_percent, price_dollars, store_id, strain, subspecies_id, terpinolene_percent, thc_percent, vendor, weight_grams) values (?, ?, ?, ?, ?, ?, ?, ?, ?, ?, ?, ?, ?, ?, ?, ?, ?)
2022-12-10T15:44:09.625-05:00 DEBUG 63538 --- [    Test worker] org.hibernate.SQL                        : insert into store_item (added, bisabolol_percent, caryophyllene_percent, cbd_percent, humulene_percent, limonene_percent, linalool_percent, myrcene_percent, pinene_percent, price_dollars, store_id, strain, subspecies_id, terpinolene_percent, thc_percent, vendor, weight_grams) values (?, ?, ?, ?, ?, ?, ?, ?, ?, ?, ?, ?, ?, ?, ?, ?, ?)
2022-12-10T15:44:09.626-05:00 DEBUG 63538 --- [    Test worker] org.hibernate.SQL                        : insert into store_item (added, bisabolol_percent, caryophyllene_percent, cbd_percent, humulene_percent, limonene_percent, linalool_percent, myrcene_percent, pinene_percent, price_dollars, store_id, strain, subspecies_id, terpinolene_percent, thc_percent, vendor, weight_grams) values (?, ?, ?, ?, ?, ?, ?, ?, ?, ?, ?, ?, ?, ?, ?, ?, ?)
2022-12-10T15:44:09.627-05:00 DEBUG 63538 --- [    Test worker] org.hibernate.SQL                        : insert into store_item (added, bisabolol_percent, caryophyllene_percent, cbd_percent, humulene_percent, limonene_percent, linalool_percent, myrcene_percent, pinene_percent, price_dollars, store_id, strain, subspecies_id, terpinolene_percent, thc_percent, vendor, weight_grams) values (?, ?, ?, ?, ?, ?, ?, ?, ?, ?, ?, ?, ?, ?, ?, ?, ?)
2022-12-10T15:44:09.628-05:00 DEBUG 63538 --- [    Test worker] org.hibernate.SQL                        : insert into store_item (added, bisabolol_percent, caryophyllene_percent, cbd_percent, humulene_percent, limonene_percent, linalool_percent, myrcene_percent, pinene_percent, price_dollars, store_id, strain, subspecies_id, terpinolene_percent, thc_percent, vendor, weight_grams) values (?, ?, ?, ?, ?, ?, ?, ?, ?, ?, ?, ?, ?, ?, ?, ?, ?)
2022-12-10T15:44:09.629-05:00 DEBUG 63538 --- [    Test worker] org.hibernate.SQL                        : insert into store_item (added, bisabolol_percent, caryophyllene_percent, cbd_percent, humulene_percent, limonene_percent, linalool_percent, myrcene_percent, pinene_percent, price_dollars, store_id, strain, subspecies_id, terpinolene_percent, thc_percent, vendor, weight_grams) values (?, ?, ?, ?, ?, ?, ?, ?, ?, ?, ?, ?, ?, ?, ?, ?, ?)
2022-12-10T15:44:09.630-05:00 DEBUG 63538 --- [    Test worker] org.hibernate.SQL                        : insert into store_item (added, bisabolol_percent, caryophyllene_percent, cbd_percent, humulene_percent, limonene_percent, linalool_percent, myrcene_percent, pinene_percent, price_dollars, store_id, strain, subspecies_id, terpinolene_percent, thc_percent, vendor, weight_grams) values (?, ?, ?, ?, ?, ?, ?, ?, ?, ?, ?, ?, ?, ?, ?, ?, ?)
2022-12-10T15:44:09.631-05:00 DEBUG 63538 --- [    Test worker] org.hibernate.SQL                        : insert into store_item (added, bisabolol_percent, caryophyllene_percent, cbd_percent, humulene_percent, limonene_percent, linalool_percent, myrcene_percent, pinene_percent, price_dollars, store_id, strain, subspecies_id, terpinolene_percent, thc_percent, vendor, weight_grams) values (?, ?, ?, ?, ?, ?, ?, ?, ?, ?, ?, ?, ?, ?, ?, ?, ?)
2022-12-10T15:44:09.633-05:00 DEBUG 63538 --- [    Test worker] org.hibernate.SQL                        : insert into store_item (added, bisabolol_percent, caryophyllene_percent, cbd_percent, humulene_percent, limonene_percent, linalool_percent, myrcene_percent, pinene_percent, price_dollars, store_id, strain, subspecies_id, terpinolene_percent, thc_percent, vendor, weight_grams) values (?, ?, ?, ?, ?, ?, ?, ?, ?, ?, ?, ?, ?, ?, ?, ?, ?)
2022-12-10T15:44:09.634-05:00 DEBUG 63538 --- [    Test worker] org.hibernate.SQL                        : insert into store_item (added, bisabolol_percent, caryophyllene_percent, cbd_percent, humulene_percent, limonene_percent, linalool_percent, myrcene_percent, pinene_percent, price_dollars, store_id, strain, subspecies_id, terpinolene_percent, thc_percent, vendor, weight_grams) values (?, ?, ?, ?, ?, ?, ?, ?, ?, ?, ?, ?, ?, ?, ?, ?, ?)
2022-12-10T15:44:09.635-05:00 DEBUG 63538 --- [    Test worker] org.hibernate.SQL                        : insert into store_item (added, bisabolol_percent, caryophyllene_percent, cbd_percent, humulene_percent, limonene_percent, linalool_percent, myrcene_percent, pinene_percent, price_dollars, store_id, strain, subspecies_id, terpinolene_percent, thc_percent, vendor, weight_grams) values (?, ?, ?, ?, ?, ?, ?, ?, ?, ?, ?, ?, ?, ?, ?, ?, ?)
2022-12-10T15:44:09.637-05:00 DEBUG 63538 --- [    Test worker] org.hibernate.SQL                        : insert into store_item (added, bisabolol_percent, caryophyllene_percent, cbd_percent, humulene_percent, limonene_percent, linalool_percent, myrcene_percent, pinene_percent, price_dollars, store_id, strain, subspecies_id, terpinolene_percent, thc_percent, vendor, weight_grams) values (?, ?, ?, ?, ?, ?, ?, ?, ?, ?, ?, ?, ?, ?, ?, ?, ?)
2022-12-10T15:44:09.638-05:00 DEBUG 63538 --- [    Test worker] org.hibernate.SQL                        : insert into store_item (added, bisabolol_percent, caryophyllene_percent, cbd_percent, humulene_percent, limonene_percent, linalool_percent, myrcene_percent, pinene_percent, price_dollars, store_id, strain, subspecies_id, terpinolene_percent, thc_percent, vendor, weight_grams) values (?, ?, ?, ?, ?, ?, ?, ?, ?, ?, ?, ?, ?, ?, ?, ?, ?)
2022-12-10T15:44:09.640-05:00 DEBUG 63538 --- [    Test worker] org.hibernate.SQL                        : insert into store_item (added, bisabolol_percent, caryophyllene_percent, cbd_percent, humulene_percent, limonene_percent, linalool_percent, myrcene_percent, pinene_percent, price_dollars, store_id, strain, subspecies_id, terpinolene_percent, thc_percent, vendor, weight_grams) values (?, ?, ?, ?, ?, ?, ?, ?, ?, ?, ?, ?, ?, ?, ?, ?, ?)
2022-12-10T15:44:09.642-05:00 DEBUG 63538 --- [    Test worker] org.hibernate.SQL                        : insert into store_item (added, bisabolol_percent, caryophyllene_percent, cbd_percent, humulene_percent, limonene_percent, linalool_percent, myrcene_percent, pinene_percent, price_dollars, store_id, strain, subspecies_id, terpinolene_percent, thc_percent, vendor, weight_grams) values (?, ?, ?, ?, ?, ?, ?, ?, ?, ?, ?, ?, ?, ?, ?, ?, ?)
2022-12-10T15:44:09.643-05:00 DEBUG 63538 --- [    Test worker] org.hibernate.SQL                        : insert into store_item (added, bisabolol_percent, caryophyllene_percent, cbd_percent, humulene_percent, limonene_percent, linalool_percent, myrcene_percent, pinene_percent, price_dollars, store_id, strain, subspecies_id, terpinolene_percent, thc_percent, vendor, weight_grams) values (?, ?, ?, ?, ?, ?, ?, ?, ?, ?, ?, ?, ?, ?, ?, ?, ?)
2022-12-10T15:44:09.644-05:00 DEBUG 63538 --- [    Test worker] org.hibernate.SQL                        : insert into store_item (added, bisabolol_percent, caryophyllene_percent, cbd_percent, humulene_percent, limonene_percent, linalool_percent, myrcene_percent, pinene_percent, price_dollars, store_id, strain, subspecies_id, terpinolene_percent, thc_percent, vendor, weight_grams) values (?, ?, ?, ?, ?, ?, ?, ?, ?, ?, ?, ?, ?, ?, ?, ?, ?)
2022-12-10T15:44:09.645-05:00 DEBUG 63538 --- [    Test worker] org.hibernate.SQL                        : insert into store_item (added, bisabolol_percent, caryophyllene_percent, cbd_percent, humulene_percent, limonene_percent, linalool_percent, myrcene_percent, pinene_percent, price_dollars, store_id, strain, subspecies_id, terpinolene_percent, thc_percent, vendor, weight_grams) values (?, ?, ?, ?, ?, ?, ?, ?, ?, ?, ?, ?, ?, ?, ?, ?, ?)
2022-12-10T15:44:09.646-05:00 DEBUG 63538 --- [    Test worker] org.hibernate.SQL                        : insert into store_item (added, bisabolol_percent, caryophyllene_percent, cbd_percent, humulene_percent, limonene_percent, linalool_percent, myrcene_percent, pinene_percent, price_dollars, store_id, strain, subspecies_id, terpinolene_percent, thc_percent, vendor, weight_grams) values (?, ?, ?, ?, ?, ?, ?, ?, ?, ?, ?, ?, ?, ?, ?, ?, ?)
2022-12-10T15:44:09.648-05:00 DEBUG 63538 --- [    Test worker] org.hibernate.SQL                        : insert into store_item (added, bisabolol_percent, caryophyllene_percent, cbd_percent, humulene_percent, limonene_percent, linalool_percent, myrcene_percent, pinene_percent, price_dollars, store_id, strain, subspecies_id, terpinolene_percent, thc_percent, vendor, weight_grams) values (?, ?, ?, ?, ?, ?, ?, ?, ?, ?, ?, ?, ?, ?, ?, ?, ?)
2022-12-10T15:44:09.649-05:00 DEBUG 63538 --- [    Test worker] org.hibernate.SQL                        : insert into store_item (added, bisabolol_percent, caryophyllene_percent, cbd_percent, humulene_percent, limonene_percent, linalool_percent, myrcene_percent, pinene_percent, price_dollars, store_id, strain, subspecies_id, terpinolene_percent, thc_percent, vendor, weight_grams) values (?, ?, ?, ?, ?, ?, ?, ?, ?, ?, ?, ?, ?, ?, ?, ?, ?)
2022-12-10T15:44:09.650-05:00 DEBUG 63538 --- [    Test worker] org.hibernate.SQL                        : insert into store_item (added, bisabolol_percent, caryophyllene_percent, cbd_percent, humulene_percent, limonene_percent, linalool_percent, myrcene_percent, pinene_percent, price_dollars, store_id, strain, subspecies_id, terpinolene_percent, thc_percent, vendor, weight_grams) values (?, ?, ?, ?, ?, ?, ?, ?, ?, ?, ?, ?, ?, ?, ?, ?, ?)
2022-12-10T15:44:09.651-05:00 DEBUG 63538 --- [    Test worker] org.hibernate.SQL                        : insert into store_item (added, bisabolol_percent, caryophyllene_percent, cbd_percent, humulene_percent, limonene_percent, linalool_percent, myrcene_percent, pinene_percent, price_dollars, store_id, strain, subspecies_id, terpinolene_percent, thc_percent, vendor, weight_grams) values (?, ?, ?, ?, ?, ?, ?, ?, ?, ?, ?, ?, ?, ?, ?, ?, ?)
2022-12-10T15:44:09.653-05:00 DEBUG 63538 --- [    Test worker] org.hibernate.SQL                        : insert into store_item (added, bisabolol_percent, caryophyllene_percent, cbd_percent, humulene_percent, limonene_percent, linalool_percent, myrcene_percent, pinene_percent, price_dollars, store_id, strain, subspecies_id, terpinolene_percent, thc_percent, vendor, weight_grams) values (?, ?, ?, ?, ?, ?, ?, ?, ?, ?, ?, ?, ?, ?, ?, ?, ?)
2022-12-10T15:44:09.654-05:00 DEBUG 63538 --- [    Test worker] org.hibernate.SQL                        : insert into store_item (added, bisabolol_percent, caryophyllene_percent, cbd_percent, humulene_percent, limonene_percent, linalool_percent, myrcene_percent, pinene_percent, price_dollars, store_id, strain, subspecies_id, terpinolene_percent, thc_percent, vendor, weight_grams) values (?, ?, ?, ?, ?, ?, ?, ?, ?, ?, ?, ?, ?, ?, ?, ?, ?)
2022-12-10T15:44:09.655-05:00 DEBUG 63538 --- [    Test worker] org.hibernate.SQL                        : insert into store_item (added, bisabolol_percent, caryophyllene_percent, cbd_percent, humulene_percent, limonene_percent, linalool_percent, myrcene_percent, pinene_percent, price_dollars, store_id, strain, subspecies_id, terpinolene_percent, thc_percent, vendor, weight_grams) values (?, ?, ?, ?, ?, ?, ?, ?, ?, ?, ?, ?, ?, ?, ?, ?, ?)
2022-12-10T15:44:09.656-05:00 DEBUG 63538 --- [    Test worker] org.hibernate.SQL                        : insert into store_item (added, bisabolol_percent, caryophyllene_percent, cbd_percent, humulene_percent, limonene_percent, linalool_percent, myrcene_percent, pinene_percent, price_dollars, store_id, strain, subspecies_id, terpinolene_percent, thc_percent, vendor, weight_grams) values (?, ?, ?, ?, ?, ?, ?, ?, ?, ?, ?, ?, ?, ?, ?, ?, ?)
2022-12-10T15:44:09.657-05:00 DEBUG 63538 --- [    Test worker] org.hibernate.SQL                        : insert into store_item (added, bisabolol_percent, caryophyllene_percent, cbd_percent, humulene_percent, limonene_percent, linalool_percent, myrcene_percent, pinene_percent, price_dollars, store_id, strain, subspecies_id, terpinolene_percent, thc_percent, vendor, weight_grams) values (?, ?, ?, ?, ?, ?, ?, ?, ?, ?, ?, ?, ?, ?, ?, ?, ?)
2022-12-10T15:44:09.658-05:00 DEBUG 63538 --- [    Test worker] org.hibernate.SQL                        : insert into store_item (added, bisabolol_percent, caryophyllene_percent, cbd_percent, humulene_percent, limonene_percent, linalool_percent, myrcene_percent, pinene_percent, price_dollars, store_id, strain, subspecies_id, terpinolene_percent, thc_percent, vendor, weight_grams) values (?, ?, ?, ?, ?, ?, ?, ?, ?, ?, ?, ?, ?, ?, ?, ?, ?)
2022-12-10T15:44:09.659-05:00 DEBUG 63538 --- [    Test worker] org.hibernate.SQL                        : insert into store_item (added, bisabolol_percent, caryophyllene_percent, cbd_percent, humulene_percent, limonene_percent, linalool_percent, myrcene_percent, pinene_percent, price_dollars, store_id, strain, subspecies_id, terpinolene_percent, thc_percent, vendor, weight_grams) values (?, ?, ?, ?, ?, ?, ?, ?, ?, ?, ?, ?, ?, ?, ?, ?, ?)
2022-12-10T15:44:09.660-05:00 DEBUG 63538 --- [    Test worker] org.hibernate.SQL                        : insert into store_item (added, bisabolol_percent, caryophyllene_percent, cbd_percent, humulene_percent, limonene_percent, linalool_percent, myrcene_percent, pinene_percent, price_dollars, store_id, strain, subspecies_id, terpinolene_percent, thc_percent, vendor, weight_grams) values (?, ?, ?, ?, ?, ?, ?, ?, ?, ?, ?, ?, ?, ?, ?, ?, ?)
2022-12-10T15:44:09.662-05:00 DEBUG 63538 --- [    Test worker] org.hibernate.SQL                        : insert into store_item (added, bisabolol_percent, caryophyllene_percent, cbd_percent, humulene_percent, limonene_percent, linalool_percent, myrcene_percent, pinene_percent, price_dollars, store_id, strain, subspecies_id, terpinolene_percent, thc_percent, vendor, weight_grams) values (?, ?, ?, ?, ?, ?, ?, ?, ?, ?, ?, ?, ?, ?, ?, ?, ?)
2022-12-10T15:44:09.663-05:00 DEBUG 63538 --- [    Test worker] org.hibernate.SQL                        : insert into store_item (added, bisabolol_percent, caryophyllene_percent, cbd_percent, humulene_percent, limonene_percent, linalool_percent, myrcene_percent, pinene_percent, price_dollars, store_id, strain, subspecies_id, terpinolene_percent, thc_percent, vendor, weight_grams) values (?, ?, ?, ?, ?, ?, ?, ?, ?, ?, ?, ?, ?, ?, ?, ?, ?)
2022-12-10T15:44:09.664-05:00 DEBUG 63538 --- [    Test worker] org.hibernate.SQL                        : insert into store_item (added, bisabolol_percent, caryophyllene_percent, cbd_percent, humulene_percent, limonene_percent, linalool_percent, myrcene_percent, pinene_percent, price_dollars, store_id, strain, subspecies_id, terpinolene_percent, thc_percent, vendor, weight_grams) values (?, ?, ?, ?, ?, ?, ?, ?, ?, ?, ?, ?, ?, ?, ?, ?, ?)
2022-12-10T15:44:09.664-05:00 DEBUG 63538 --- [    Test worker] org.hibernate.SQL                        : insert into store_item (added, bisabolol_percent, caryophyllene_percent, cbd_percent, humulene_percent, limonene_percent, linalool_percent, myrcene_percent, pinene_percent, price_dollars, store_id, strain, subspecies_id, terpinolene_percent, thc_percent, vendor, weight_grams) values (?, ?, ?, ?, ?, ?, ?, ?, ?, ?, ?, ?, ?, ?, ?, ?, ?)
2022-12-10T15:44:09.666-05:00 DEBUG 63538 --- [    Test worker] org.hibernate.SQL                        : insert into store_item (added, bisabolol_percent, caryophyllene_percent, cbd_percent, humulene_percent, limonene_percent, linalool_percent, myrcene_percent, pinene_percent, price_dollars, store_id, strain, subspecies_id, terpinolene_percent, thc_percent, vendor, weight_grams) values (?, ?, ?, ?, ?, ?, ?, ?, ?, ?, ?, ?, ?, ?, ?, ?, ?)
2022-12-10T15:44:09.667-05:00 DEBUG 63538 --- [    Test worker] org.hibernate.SQL                        : insert into store_item (added, bisabolol_percent, caryophyllene_percent, cbd_percent, humulene_percent, limonene_percent, linalool_percent, myrcene_percent, pinene_percent, price_dollars, store_id, strain, subspecies_id, terpinolene_percent, thc_percent, vendor, weight_grams) values (?, ?, ?, ?, ?, ?, ?, ?, ?, ?, ?, ?, ?, ?, ?, ?, ?)
2022-12-10T15:44:09.668-05:00 DEBUG 63538 --- [    Test worker] org.hibernate.SQL                        : insert into store_item (added, bisabolol_percent, caryophyllene_percent, cbd_percent, humulene_percent, limonene_percent, linalool_percent, myrcene_percent, pinene_percent, price_dollars, store_id, strain, subspecies_id, terpinolene_percent, thc_percent, vendor, weight_grams) values (?, ?, ?, ?, ?, ?, ?, ?, ?, ?, ?, ?, ?, ?, ?, ?, ?)
2022-12-10T15:44:09.669-05:00 DEBUG 63538 --- [    Test worker] org.hibernate.SQL                        : insert into store_item (added, bisabolol_percent, caryophyllene_percent, cbd_percent, humulene_percent, limonene_percent, linalool_percent, myrcene_percent, pinene_percent, price_dollars, store_id, strain, subspecies_id, terpinolene_percent, thc_percent, vendor, weight_grams) values (?, ?, ?, ?, ?, ?, ?, ?, ?, ?, ?, ?, ?, ?, ?, ?, ?)
2022-12-10T15:44:09.670-05:00 DEBUG 63538 --- [    Test worker] org.hibernate.SQL                        : insert into store_item (added, bisabolol_percent, caryophyllene_percent, cbd_percent, humulene_percent, limonene_percent, linalool_percent, myrcene_percent, pinene_percent, price_dollars, store_id, strain, subspecies_id, terpinolene_percent, thc_percent, vendor, weight_grams) values (?, ?, ?, ?, ?, ?, ?, ?, ?, ?, ?, ?, ?, ?, ?, ?, ?)
2022-12-10T15:44:09.671-05:00 DEBUG 63538 --- [    Test worker] org.hibernate.SQL                        : insert into store_item (added, bisabolol_percent, caryophyllene_percent, cbd_percent, humulene_percent, limonene_percent, linalool_percent, myrcene_percent, pinene_percent, price_dollars, store_id, strain, subspecies_id, terpinolene_percent, thc_percent, vendor, weight_grams) values (?, ?, ?, ?, ?, ?, ?, ?, ?, ?, ?, ?, ?, ?, ?, ?, ?)
2022-12-10T15:44:09.673-05:00 DEBUG 63538 --- [    Test worker] org.hibernate.SQL                        : insert into store_item (added, bisabolol_percent, caryophyllene_percent, cbd_percent, humulene_percent, limonene_percent, linalool_percent, myrcene_percent, pinene_percent, price_dollars, store_id, strain, subspecies_id, terpinolene_percent, thc_percent, vendor, weight_grams) values (?, ?, ?, ?, ?, ?, ?, ?, ?, ?, ?, ?, ?, ?, ?, ?, ?)
2022-12-10T15:44:09.674-05:00 DEBUG 63538 --- [    Test worker] org.hibernate.SQL                        : insert into store_item (added, bisabolol_percent, caryophyllene_percent, cbd_percent, humulene_percent, limonene_percent, linalool_percent, myrcene_percent, pinene_percent, price_dollars, store_id, strain, subspecies_id, terpinolene_percent, thc_percent, vendor, weight_grams) values (?, ?, ?, ?, ?, ?, ?, ?, ?, ?, ?, ?, ?, ?, ?, ?, ?)
2022-12-10T15:44:09.675-05:00 DEBUG 63538 --- [    Test worker] org.hibernate.SQL                        : insert into store_item (added, bisabolol_percent, caryophyllene_percent, cbd_percent, humulene_percent, limonene_percent, linalool_percent, myrcene_percent, pinene_percent, price_dollars, store_id, strain, subspecies_id, terpinolene_percent, thc_percent, vendor, weight_grams) values (?, ?, ?, ?, ?, ?, ?, ?, ?, ?, ?, ?, ?, ?, ?, ?, ?)
2022-12-10T15:44:09.677-05:00 DEBUG 63538 --- [    Test worker] org.hibernate.SQL                        : insert into store_item (added, bisabolol_percent, caryophyllene_percent, cbd_percent, humulene_percent, limonene_percent, linalool_percent, myrcene_percent, pinene_percent, price_dollars, store_id, strain, subspecies_id, terpinolene_percent, thc_percent, vendor, weight_grams) values (?, ?, ?, ?, ?, ?, ?, ?, ?, ?, ?, ?, ?, ?, ?, ?, ?)
2022-12-10T15:44:09.678-05:00 DEBUG 63538 --- [    Test worker] org.hibernate.SQL                        : insert into store_item (added, bisabolol_percent, caryophyllene_percent, cbd_percent, humulene_percent, limonene_percent, linalool_percent, myrcene_percent, pinene_percent, price_dollars, store_id, strain, subspecies_id, terpinolene_percent, thc_percent, vendor, weight_grams) values (?, ?, ?, ?, ?, ?, ?, ?, ?, ?, ?, ?, ?, ?, ?, ?, ?)
2022-12-10T15:44:09.679-05:00 DEBUG 63538 --- [    Test worker] org.hibernate.SQL                        : insert into store_item (added, bisabolol_percent, caryophyllene_percent, cbd_percent, humulene_percent, limonene_percent, linalool_percent, myrcene_percent, pinene_percent, price_dollars, store_id, strain, subspecies_id, terpinolene_percent, thc_percent, vendor, weight_grams) values (?, ?, ?, ?, ?, ?, ?, ?, ?, ?, ?, ?, ?, ?, ?, ?, ?)
2022-12-10T15:44:09.680-05:00 DEBUG 63538 --- [    Test worker] org.hibernate.SQL                        : insert into store_item (added, bisabolol_percent, caryophyllene_percent, cbd_percent, humulene_percent, limonene_percent, linalool_percent, myrcene_percent, pinene_percent, price_dollars, store_id, strain, subspecies_id, terpinolene_percent, thc_percent, vendor, weight_grams) values (?, ?, ?, ?, ?, ?, ?, ?, ?, ?, ?, ?, ?, ?, ?, ?, ?)
2022-12-10T15:44:09.681-05:00 DEBUG 63538 --- [    Test worker] org.hibernate.SQL                        : insert into store_item (added, bisabolol_percent, caryophyllene_percent, cbd_percent, humulene_percent, limonene_percent, linalool_percent, myrcene_percent, pinene_percent, price_dollars, store_id, strain, subspecies_id, terpinolene_percent, thc_percent, vendor, weight_grams) values (?, ?, ?, ?, ?, ?, ?, ?, ?, ?, ?, ?, ?, ?, ?, ?, ?)
2022-12-10T15:44:09.682-05:00 DEBUG 63538 --- [    Test worker] org.hibernate.SQL                        : insert into store_item (added, bisabolol_percent, caryophyllene_percent, cbd_percent, humulene_percent, limonene_percent, linalool_percent, myrcene_percent, pinene_percent, price_dollars, store_id, strain, subspecies_id, terpinolene_percent, thc_percent, vendor, weight_grams) values (?, ?, ?, ?, ?, ?, ?, ?, ?, ?, ?, ?, ?, ?, ?, ?, ?)
2022-12-10T15:44:09.684-05:00 DEBUG 63538 --- [    Test worker] org.hibernate.SQL                        : insert into store_item (added, bisabolol_percent, caryophyllene_percent, cbd_percent, humulene_percent, limonene_percent, linalool_percent, myrcene_percent, pinene_percent, price_dollars, store_id, strain, subspecies_id, terpinolene_percent, thc_percent, vendor, weight_grams) values (?, ?, ?, ?, ?, ?, ?, ?, ?, ?, ?, ?, ?, ?, ?, ?, ?)
2022-12-10T15:44:09.685-05:00 DEBUG 63538 --- [    Test worker] org.hibernate.SQL                        : insert into store_item (added, bisabolol_percent, caryophyllene_percent, cbd_percent, humulene_percent, limonene_percent, linalool_percent, myrcene_percent, pinene_percent, price_dollars, store_id, strain, subspecies_id, terpinolene_percent, thc_percent, vendor, weight_grams) values (?, ?, ?, ?, ?, ?, ?, ?, ?, ?, ?, ?, ?, ?, ?, ?, ?)
2022-12-10T15:44:09.686-05:00 DEBUG 63538 --- [    Test worker] org.hibernate.SQL                        : insert into store_item (added, bisabolol_percent, caryophyllene_percent, cbd_percent, humulene_percent, limonene_percent, linalool_percent, myrcene_percent, pinene_percent, price_dollars, store_id, strain, subspecies_id, terpinolene_percent, thc_percent, vendor, weight_grams) values (?, ?, ?, ?, ?, ?, ?, ?, ?, ?, ?, ?, ?, ?, ?, ?, ?)
2022-12-10T15:44:09.687-05:00 DEBUG 63538 --- [    Test worker] org.hibernate.SQL                        : insert into store_item (added, bisabolol_percent, caryophyllene_percent, cbd_percent, humulene_percent, limonene_percent, linalool_percent, myrcene_percent, pinene_percent, price_dollars, store_id, strain, subspecies_id, terpinolene_percent, thc_percent, vendor, weight_grams) values (?, ?, ?, ?, ?, ?, ?, ?, ?, ?, ?, ?, ?, ?, ?, ?, ?)
2022-12-10T15:44:09.688-05:00 DEBUG 63538 --- [    Test worker] org.hibernate.SQL                        : insert into store_item (added, bisabolol_percent, caryophyllene_percent, cbd_percent, humulene_percent, limonene_percent, linalool_percent, myrcene_percent, pinene_percent, price_dollars, store_id, strain, subspecies_id, terpinolene_percent, thc_percent, vendor, weight_grams) values (?, ?, ?, ?, ?, ?, ?, ?, ?, ?, ?, ?, ?, ?, ?, ?, ?)
2022-12-10T15:44:09.690-05:00 DEBUG 63538 --- [    Test worker] org.hibernate.SQL                        : insert into store_item (added, bisabolol_percent, caryophyllene_percent, cbd_percent, humulene_percent, limonene_percent, linalool_percent, myrcene_percent, pinene_percent, price_dollars, store_id, strain, subspecies_id, terpinolene_percent, thc_percent, vendor, weight_grams) values (?, ?, ?, ?, ?, ?, ?, ?, ?, ?, ?, ?, ?, ?, ?, ?, ?)
2022-12-10T15:44:09.691-05:00 DEBUG 63538 --- [    Test worker] org.hibernate.SQL                        : insert into store_item (added, bisabolol_percent, caryophyllene_percent, cbd_percent, humulene_percent, limonene_percent, linalool_percent, myrcene_percent, pinene_percent, price_dollars, store_id, strain, subspecies_id, terpinolene_percent, thc_percent, vendor, weight_grams) values (?, ?, ?, ?, ?, ?, ?, ?, ?, ?, ?, ?, ?, ?, ?, ?, ?)
2022-12-10T15:44:09.692-05:00 DEBUG 63538 --- [    Test worker] org.hibernate.SQL                        : insert into store_item (added, bisabolol_percent, caryophyllene_percent, cbd_percent, humulene_percent, limonene_percent, linalool_percent, myrcene_percent, pinene_percent, price_dollars, store_id, strain, subspecies_id, terpinolene_percent, thc_percent, vendor, weight_grams) values (?, ?, ?, ?, ?, ?, ?, ?, ?, ?, ?, ?, ?, ?, ?, ?, ?)
2022-12-10T15:44:09.694-05:00 DEBUG 63538 --- [    Test worker] org.hibernate.SQL                        : insert into store_item (added, bisabolol_percent, caryophyllene_percent, cbd_percent, humulene_percent, limonene_percent, linalool_percent, myrcene_percent, pinene_percent, price_dollars, store_id, strain, subspecies_id, terpinolene_percent, thc_percent, vendor, weight_grams) values (?, ?, ?, ?, ?, ?, ?, ?, ?, ?, ?, ?, ?, ?, ?, ?, ?)
2022-12-10T15:44:09.695-05:00 DEBUG 63538 --- [    Test worker] org.hibernate.SQL                        : insert into store_item (added, bisabolol_percent, caryophyllene_percent, cbd_percent, humulene_percent, limonene_percent, linalool_percent, myrcene_percent, pinene_percent, price_dollars, store_id, strain, subspecies_id, terpinolene_percent, thc_percent, vendor, weight_grams) values (?, ?, ?, ?, ?, ?, ?, ?, ?, ?, ?, ?, ?, ?, ?, ?, ?)
2022-12-10T15:44:09.696-05:00 DEBUG 63538 --- [    Test worker] org.hibernate.SQL                        : insert into store_item (added, bisabolol_percent, caryophyllene_percent, cbd_percent, humulene_percent, limonene_percent, linalool_percent, myrcene_percent, pinene_percent, price_dollars, store_id, strain, subspecies_id, terpinolene_percent, thc_percent, vendor, weight_grams) values (?, ?, ?, ?, ?, ?, ?, ?, ?, ?, ?, ?, ?, ?, ?, ?, ?)
2022-12-10T15:44:09.697-05:00 DEBUG 63538 --- [    Test worker] org.hibernate.SQL                        : insert into store_item (added, bisabolol_percent, caryophyllene_percent, cbd_percent, humulene_percent, limonene_percent, linalool_percent, myrcene_percent, pinene_percent, price_dollars, store_id, strain, subspecies_id, terpinolene_percent, thc_percent, vendor, weight_grams) values (?, ?, ?, ?, ?, ?, ?, ?, ?, ?, ?, ?, ?, ?, ?, ?, ?)
2022-12-10T15:44:09.699-05:00 DEBUG 63538 --- [    Test worker] org.hibernate.SQL                        : insert into store_item (added, bisabolol_percent, caryophyllene_percent, cbd_percent, humulene_percent, limonene_percent, linalool_percent, myrcene_percent, pinene_percent, price_dollars, store_id, strain, subspecies_id, terpinolene_percent, thc_percent, vendor, weight_grams) values (?, ?, ?, ?, ?, ?, ?, ?, ?, ?, ?, ?, ?, ?, ?, ?, ?)
2022-12-10T15:44:09.700-05:00 DEBUG 63538 --- [    Test worker] org.hibernate.SQL                        : insert into store_item (added, bisabolol_percent, caryophyllene_percent, cbd_percent, humulene_percent, limonene_percent, linalool_percent, myrcene_percent, pinene_percent, price_dollars, store_id, strain, subspecies_id, terpinolene_percent, thc_percent, vendor, weight_grams) values (?, ?, ?, ?, ?, ?, ?, ?, ?, ?, ?, ?, ?, ?, ?, ?, ?)
2022-12-10T15:44:09.701-05:00 DEBUG 63538 --- [    Test worker] org.hibernate.SQL                        : insert into store_item (added, bisabolol_percent, caryophyllene_percent, cbd_percent, humulene_percent, limonene_percent, linalool_percent, myrcene_percent, pinene_percent, price_dollars, store_id, strain, subspecies_id, terpinolene_percent, thc_percent, vendor, weight_grams) values (?, ?, ?, ?, ?, ?, ?, ?, ?, ?, ?, ?, ?, ?, ?, ?, ?)
2022-12-10T15:44:09.703-05:00 DEBUG 63538 --- [    Test worker] org.hibernate.SQL                        : insert into store_item (added, bisabolol_percent, caryophyllene_percent, cbd_percent, humulene_percent, limonene_percent, linalool_percent, myrcene_percent, pinene_percent, price_dollars, store_id, strain, subspecies_id, terpinolene_percent, thc_percent, vendor, weight_grams) values (?, ?, ?, ?, ?, ?, ?, ?, ?, ?, ?, ?, ?, ?, ?, ?, ?)
2022-12-10T15:44:09.704-05:00 DEBUG 63538 --- [    Test worker] org.hibernate.SQL                        : insert into store_item (added, bisabolol_percent, caryophyllene_percent, cbd_percent, humulene_percent, limonene_percent, linalool_percent, myrcene_percent, pinene_percent, price_dollars, store_id, strain, subspecies_id, terpinolene_percent, thc_percent, vendor, weight_grams) values (?, ?, ?, ?, ?, ?, ?, ?, ?, ?, ?, ?, ?, ?, ?, ?, ?)
2022-12-10T15:44:09.705-05:00 DEBUG 63538 --- [    Test worker] org.hibernate.SQL                        : insert into store_item (added, bisabolol_percent, caryophyllene_percent, cbd_percent, humulene_percent, limonene_percent, linalool_percent, myrcene_percent, pinene_percent, price_dollars, store_id, strain, subspecies_id, terpinolene_percent, thc_percent, vendor, weight_grams) values (?, ?, ?, ?, ?, ?, ?, ?, ?, ?, ?, ?, ?, ?, ?, ?, ?)
2022-12-10T15:44:09.706-05:00 DEBUG 63538 --- [    Test worker] org.hibernate.SQL                        : insert into store_item (added, bisabolol_percent, caryophyllene_percent, cbd_percent, humulene_percent, limonene_percent, linalool_percent, myrcene_percent, pinene_percent, price_dollars, store_id, strain, subspecies_id, terpinolene_percent, thc_percent, vendor, weight_grams) values (?, ?, ?, ?, ?, ?, ?, ?, ?, ?, ?, ?, ?, ?, ?, ?, ?)
2022-12-10T15:44:09.708-05:00 DEBUG 63538 --- [    Test worker] org.hibernate.SQL                        : insert into store_item (added, bisabolol_percent, caryophyllene_percent, cbd_percent, humulene_percent, limonene_percent, linalool_percent, myrcene_percent, pinene_percent, price_dollars, store_id, strain, subspecies_id, terpinolene_percent, thc_percent, vendor, weight_grams) values (?, ?, ?, ?, ?, ?, ?, ?, ?, ?, ?, ?, ?, ?, ?, ?, ?)
2022-12-10T15:44:09.709-05:00 DEBUG 63538 --- [    Test worker] org.hibernate.SQL                        : insert into store_item (added, bisabolol_percent, caryophyllene_percent, cbd_percent, humulene_percent, limonene_percent, linalool_percent, myrcene_percent, pinene_percent, price_dollars, store_id, strain, subspecies_id, terpinolene_percent, thc_percent, vendor, weight_grams) values (?, ?, ?, ?, ?, ?, ?, ?, ?, ?, ?, ?, ?, ?, ?, ?, ?)
2022-12-10T15:44:09.710-05:00 DEBUG 63538 --- [    Test worker] org.hibernate.SQL                        : insert into store_item (added, bisabolol_percent, caryophyllene_percent, cbd_percent, humulene_percent, limonene_percent, linalool_percent, myrcene_percent, pinene_percent, price_dollars, store_id, strain, subspecies_id, terpinolene_percent, thc_percent, vendor, weight_grams) values (?, ?, ?, ?, ?, ?, ?, ?, ?, ?, ?, ?, ?, ?, ?, ?, ?)
2022-12-10T15:44:09.712-05:00 DEBUG 63538 --- [    Test worker] org.hibernate.SQL                        : insert into store_item (added, bisabolol_percent, caryophyllene_percent, cbd_percent, humulene_percent, limonene_percent, linalool_percent, myrcene_percent, pinene_percent, price_dollars, store_id, strain, subspecies_id, terpinolene_percent, thc_percent, vendor, weight_grams) values (?, ?, ?, ?, ?, ?, ?, ?, ?, ?, ?, ?, ?, ?, ?, ?, ?)
2022-12-10T15:44:09.713-05:00 DEBUG 63538 --- [    Test worker] org.hibernate.SQL                        : insert into store_item (added, bisabolol_percent, caryophyllene_percent, cbd_percent, humulene_percent, limonene_percent, linalool_percent, myrcene_percent, pinene_percent, price_dollars, store_id, strain, subspecies_id, terpinolene_percent, thc_percent, vendor, weight_grams) values (?, ?, ?, ?, ?, ?, ?, ?, ?, ?, ?, ?, ?, ?, ?, ?, ?)
2022-12-10T15:44:09.714-05:00 DEBUG 63538 --- [    Test worker] org.hibernate.SQL                        : insert into store_item (added, bisabolol_percent, caryophyllene_percent, cbd_percent, humulene_percent, limonene_percent, linalool_percent, myrcene_percent, pinene_percent, price_dollars, store_id, strain, subspecies_id, terpinolene_percent, thc_percent, vendor, weight_grams) values (?, ?, ?, ?, ?, ?, ?, ?, ?, ?, ?, ?, ?, ?, ?, ?, ?)
2022-12-10T15:44:09.716-05:00 DEBUG 63538 --- [    Test worker] org.hibernate.SQL                        : insert into store_item (added, bisabolol_percent, caryophyllene_percent, cbd_percent, humulene_percent, limonene_percent, linalool_percent, myrcene_percent, pinene_percent, price_dollars, store_id, strain, subspecies_id, terpinolene_percent, thc_percent, vendor, weight_grams) values (?, ?, ?, ?, ?, ?, ?, ?, ?, ?, ?, ?, ?, ?, ?, ?, ?)
2022-12-10T15:44:09.717-05:00 DEBUG 63538 --- [    Test worker] org.hibernate.SQL                        : insert into store_item (added, bisabolol_percent, caryophyllene_percent, cbd_percent, humulene_percent, limonene_percent, linalool_percent, myrcene_percent, pinene_percent, price_dollars, store_id, strain, subspecies_id, terpinolene_percent, thc_percent, vendor, weight_grams) values (?, ?, ?, ?, ?, ?, ?, ?, ?, ?, ?, ?, ?, ?, ?, ?, ?)
2022-12-10T15:44:09.718-05:00 DEBUG 63538 --- [    Test worker] org.hibernate.SQL                        : insert into store_item (added, bisabolol_percent, caryophyllene_percent, cbd_percent, humulene_percent, limonene_percent, linalool_percent, myrcene_percent, pinene_percent, price_dollars, store_id, strain, subspecies_id, terpinolene_percent, thc_percent, vendor, weight_grams) values (?, ?, ?, ?, ?, ?, ?, ?, ?, ?, ?, ?, ?, ?, ?, ?, ?)
2022-12-10T15:44:09.720-05:00 DEBUG 63538 --- [    Test worker] org.hibernate.SQL                        : insert into store_item (added, bisabolol_percent, caryophyllene_percent, cbd_percent, humulene_percent, limonene_percent, linalool_percent, myrcene_percent, pinene_percent, price_dollars, store_id, strain, subspecies_id, terpinolene_percent, thc_percent, vendor, weight_grams) values (?, ?, ?, ?, ?, ?, ?, ?, ?, ?, ?, ?, ?, ?, ?, ?, ?)
2022-12-10T15:44:09.721-05:00 DEBUG 63538 --- [    Test worker] org.hibernate.SQL                        : insert into store_item (added, bisabolol_percent, caryophyllene_percent, cbd_percent, humulene_percent, limonene_percent, linalool_percent, myrcene_percent, pinene_percent, price_dollars, store_id, strain, subspecies_id, terpinolene_percent, thc_percent, vendor, weight_grams) values (?, ?, ?, ?, ?, ?, ?, ?, ?, ?, ?, ?, ?, ?, ?, ?, ?)
2022-12-10T15:44:09.722-05:00 DEBUG 63538 --- [    Test worker] org.hibernate.SQL                        : insert into store_item (added, bisabolol_percent, caryophyllene_percent, cbd_percent, humulene_percent, limonene_percent, linalool_percent, myrcene_percent, pinene_percent, price_dollars, store_id, strain, subspecies_id, terpinolene_percent, thc_percent, vendor, weight_grams) values (?, ?, ?, ?, ?, ?, ?, ?, ?, ?, ?, ?, ?, ?, ?, ?, ?)
2022-12-10T15:44:09.723-05:00 DEBUG 63538 --- [    Test worker] org.hibernate.SQL                        : insert into store_item (added, bisabolol_percent, caryophyllene_percent, cbd_percent, humulene_percent, limonene_percent, linalool_percent, myrcene_percent, pinene_percent, price_dollars, store_id, strain, subspecies_id, terpinolene_percent, thc_percent, vendor, weight_grams) values (?, ?, ?, ?, ?, ?, ?, ?, ?, ?, ?, ?, ?, ?, ?, ?, ?)
2022-12-10T15:44:09.724-05:00 DEBUG 63538 --- [    Test worker] org.hibernate.SQL                        : insert into store_item (added, bisabolol_percent, caryophyllene_percent, cbd_percent, humulene_percent, limonene_percent, linalool_percent, myrcene_percent, pinene_percent, price_dollars, store_id, strain, subspecies_id, terpinolene_percent, thc_percent, vendor, weight_grams) values (?, ?, ?, ?, ?, ?, ?, ?, ?, ?, ?, ?, ?, ?, ?, ?, ?)
2022-12-10T15:44:09.726-05:00 DEBUG 63538 --- [    Test worker] org.hibernate.SQL                        : insert into store_item (added, bisabolol_percent, caryophyllene_percent, cbd_percent, humulene_percent, limonene_percent, linalool_percent, myrcene_percent, pinene_percent, price_dollars, store_id, strain, subspecies_id, terpinolene_percent, thc_percent, vendor, weight_grams) values (?, ?, ?, ?, ?, ?, ?, ?, ?, ?, ?, ?, ?, ?, ?, ?, ?)
2022-12-10T15:44:09.727-05:00 DEBUG 63538 --- [    Test worker] org.hibernate.SQL                        : insert into store_item (added, bisabolol_percent, caryophyllene_percent, cbd_percent, humulene_percent, limonene_percent, linalool_percent, myrcene_percent, pinene_percent, price_dollars, store_id, strain, subspecies_id, terpinolene_percent, thc_percent, vendor, weight_grams) values (?, ?, ?, ?, ?, ?, ?, ?, ?, ?, ?, ?, ?, ?, ?, ?, ?)
2022-12-10T15:44:09.728-05:00 DEBUG 63538 --- [    Test worker] org.hibernate.SQL                        : insert into store_item (added, bisabolol_percent, caryophyllene_percent, cbd_percent, humulene_percent, limonene_percent, linalool_percent, myrcene_percent, pinene_percent, price_dollars, store_id, strain, subspecies_id, terpinolene_percent, thc_percent, vendor, weight_grams) values (?, ?, ?, ?, ?, ?, ?, ?, ?, ?, ?, ?, ?, ?, ?, ?, ?)
2022-12-10T15:44:09.729-05:00 DEBUG 63538 --- [    Test worker] org.hibernate.SQL                        : insert into store_item (added, bisabolol_percent, caryophyllene_percent, cbd_percent, humulene_percent, limonene_percent, linalool_percent, myrcene_percent, pinene_percent, price_dollars, store_id, strain, subspecies_id, terpinolene_percent, thc_percent, vendor, weight_grams) values (?, ?, ?, ?, ?, ?, ?, ?, ?, ?, ?, ?, ?, ?, ?, ?, ?)
2022-12-10T15:44:09.730-05:00 DEBUG 63538 --- [    Test worker] org.hibernate.SQL                        : insert into store_item (added, bisabolol_percent, caryophyllene_percent, cbd_percent, humulene_percent, limonene_percent, linalool_percent, myrcene_percent, pinene_percent, price_dollars, store_id, strain, subspecies_id, terpinolene_percent, thc_percent, vendor, weight_grams) values (?, ?, ?, ?, ?, ?, ?, ?, ?, ?, ?, ?, ?, ?, ?, ?, ?)
2022-12-10T15:44:09.731-05:00 DEBUG 63538 --- [    Test worker] org.hibernate.SQL                        : insert into store_item (added, bisabolol_percent, caryophyllene_percent, cbd_percent, humulene_percent, limonene_percent, linalool_percent, myrcene_percent, pinene_percent, price_dollars, store_id, strain, subspecies_id, terpinolene_percent, thc_percent, vendor, weight_grams) values (?, ?, ?, ?, ?, ?, ?, ?, ?, ?, ?, ?, ?, ?, ?, ?, ?)
2022-12-10T15:44:09.733-05:00 DEBUG 63538 --- [    Test worker] org.hibernate.SQL                        : insert into store_item (added, bisabolol_percent, caryophyllene_percent, cbd_percent, humulene_percent, limonene_percent, linalool_percent, myrcene_percent, pinene_percent, price_dollars, store_id, strain, subspecies_id, terpinolene_percent, thc_percent, vendor, weight_grams) values (?, ?, ?, ?, ?, ?, ?, ?, ?, ?, ?, ?, ?, ?, ?, ?, ?)
2022-12-10T15:44:09.734-05:00 DEBUG 63538 --- [    Test worker] org.hibernate.SQL                        : insert into store_item (added, bisabolol_percent, caryophyllene_percent, cbd_percent, humulene_percent, limonene_percent, linalool_percent, myrcene_percent, pinene_percent, price_dollars, store_id, strain, subspecies_id, terpinolene_percent, thc_percent, vendor, weight_grams) values (?, ?, ?, ?, ?, ?, ?, ?, ?, ?, ?, ?, ?, ?, ?, ?, ?)
2022-12-10T15:44:09.735-05:00 DEBUG 63538 --- [    Test worker] org.hibernate.SQL                        : insert into store_item (added, bisabolol_percent, caryophyllene_percent, cbd_percent, humulene_percent, limonene_percent, linalool_percent, myrcene_percent, pinene_percent, price_dollars, store_id, strain, subspecies_id, terpinolene_percent, thc_percent, vendor, weight_grams) values (?, ?, ?, ?, ?, ?, ?, ?, ?, ?, ?, ?, ?, ?, ?, ?, ?)
2022-12-10T15:44:09.736-05:00 DEBUG 63538 --- [    Test worker] org.hibernate.SQL                        : insert into store_item (added, bisabolol_percent, caryophyllene_percent, cbd_percent, humulene_percent, limonene_percent, linalool_percent, myrcene_percent, pinene_percent, price_dollars, store_id, strain, subspecies_id, terpinolene_percent, thc_percent, vendor, weight_grams) values (?, ?, ?, ?, ?, ?, ?, ?, ?, ?, ?, ?, ?, ?, ?, ?, ?)
2022-12-10T15:44:09.738-05:00 DEBUG 63538 --- [    Test worker] org.hibernate.SQL                        : insert into store_item (added, bisabolol_percent, caryophyllene_percent, cbd_percent, humulene_percent, limonene_percent, linalool_percent, myrcene_percent, pinene_percent, price_dollars, store_id, strain, subspecies_id, terpinolene_percent, thc_percent, vendor, weight_grams) values (?, ?, ?, ?, ?, ?, ?, ?, ?, ?, ?, ?, ?, ?, ?, ?, ?)
2022-12-10T15:44:09.739-05:00 DEBUG 63538 --- [    Test worker] org.hibernate.SQL                        : insert into store_item (added, bisabolol_percent, caryophyllene_percent, cbd_percent, humulene_percent, limonene_percent, linalool_percent, myrcene_percent, pinene_percent, price_dollars, store_id, strain, subspecies_id, terpinolene_percent, thc_percent, vendor, weight_grams) values (?, ?, ?, ?, ?, ?, ?, ?, ?, ?, ?, ?, ?, ?, ?, ?, ?)
2022-12-10T15:44:09.740-05:00 DEBUG 63538 --- [    Test worker] org.hibernate.SQL                        : insert into store_item (added, bisabolol_percent, caryophyllene_percent, cbd_percent, humulene_percent, limonene_percent, linalool_percent, myrcene_percent, pinene_percent, price_dollars, store_id, strain, subspecies_id, terpinolene_percent, thc_percent, vendor, weight_grams) values (?, ?, ?, ?, ?, ?, ?, ?, ?, ?, ?, ?, ?, ?, ?, ?, ?)
2022-12-10T15:44:09.741-05:00 DEBUG 63538 --- [    Test worker] org.hibernate.SQL                        : insert into store_item (added, bisabolol_percent, caryophyllene_percent, cbd_percent, humulene_percent, limonene_percent, linalool_percent, myrcene_percent, pinene_percent, price_dollars, store_id, strain, subspecies_id, terpinolene_percent, thc_percent, vendor, weight_grams) values (?, ?, ?, ?, ?, ?, ?, ?, ?, ?, ?, ?, ?, ?, ?, ?, ?)
2022-12-10T15:44:09.743-05:00 DEBUG 63538 --- [    Test worker] org.hibernate.SQL                        : insert into store_item (added, bisabolol_percent, caryophyllene_percent, cbd_percent, humulene_percent, limonene_percent, linalool_percent, myrcene_percent, pinene_percent, price_dollars, store_id, strain, subspecies_id, terpinolene_percent, thc_percent, vendor, weight_grams) values (?, ?, ?, ?, ?, ?, ?, ?, ?, ?, ?, ?, ?, ?, ?, ?, ?)
2022-12-10T15:44:09.744-05:00 DEBUG 63538 --- [    Test worker] org.hibernate.SQL                        : insert into store_item (added, bisabolol_percent, caryophyllene_percent, cbd_percent, humulene_percent, limonene_percent, linalool_percent, myrcene_percent, pinene_percent, price_dollars, store_id, strain, subspecies_id, terpinolene_percent, thc_percent, vendor, weight_grams) values (?, ?, ?, ?, ?, ?, ?, ?, ?, ?, ?, ?, ?, ?, ?, ?, ?)
2022-12-10T15:44:09.745-05:00 DEBUG 63538 --- [    Test worker] org.hibernate.SQL                        : insert into store_item (added, bisabolol_percent, caryophyllene_percent, cbd_percent, humulene_percent, limonene_percent, linalool_percent, myrcene_percent, pinene_percent, price_dollars, store_id, strain, subspecies_id, terpinolene_percent, thc_percent, vendor, weight_grams) values (?, ?, ?, ?, ?, ?, ?, ?, ?, ?, ?, ?, ?, ?, ?, ?, ?)
2022-12-10T15:44:09.746-05:00 DEBUG 63538 --- [    Test worker] org.hibernate.SQL                        : insert into store_item (added, bisabolol_percent, caryophyllene_percent, cbd_percent, humulene_percent, limonene_percent, linalool_percent, myrcene_percent, pinene_percent, price_dollars, store_id, strain, subspecies_id, terpinolene_percent, thc_percent, vendor, weight_grams) values (?, ?, ?, ?, ?, ?, ?, ?, ?, ?, ?, ?, ?, ?, ?, ?, ?)
2022-12-10T15:44:09.747-05:00 DEBUG 63538 --- [    Test worker] org.hibernate.SQL                        : insert into store_item (added, bisabolol_percent, caryophyllene_percent, cbd_percent, humulene_percent, limonene_percent, linalool_percent, myrcene_percent, pinene_percent, price_dollars, store_id, strain, subspecies_id, terpinolene_percent, thc_percent, vendor, weight_grams) values (?, ?, ?, ?, ?, ?, ?, ?, ?, ?, ?, ?, ?, ?, ?, ?, ?)
2022-12-10T15:44:09.749-05:00 DEBUG 63538 --- [    Test worker] org.hibernate.SQL                        : insert into store_item (added, bisabolol_percent, caryophyllene_percent, cbd_percent, humulene_percent, limonene_percent, linalool_percent, myrcene_percent, pinene_percent, price_dollars, store_id, strain, subspecies_id, terpinolene_percent, thc_percent, vendor, weight_grams) values (?, ?, ?, ?, ?, ?, ?, ?, ?, ?, ?, ?, ?, ?, ?, ?, ?)
2022-12-10T15:44:09.750-05:00 DEBUG 63538 --- [    Test worker] org.hibernate.SQL                        : insert into store_item (added, bisabolol_percent, caryophyllene_percent, cbd_percent, humulene_percent, limonene_percent, linalool_percent, myrcene_percent, pinene_percent, price_dollars, store_id, strain, subspecies_id, terpinolene_percent, thc_percent, vendor, weight_grams) values (?, ?, ?, ?, ?, ?, ?, ?, ?, ?, ?, ?, ?, ?, ?, ?, ?)
2022-12-10T15:44:09.751-05:00 DEBUG 63538 --- [    Test worker] org.hibernate.SQL                        : insert into store_item (added, bisabolol_percent, caryophyllene_percent, cbd_percent, humulene_percent, limonene_percent, linalool_percent, myrcene_percent, pinene_percent, price_dollars, store_id, strain, subspecies_id, terpinolene_percent, thc_percent, vendor, weight_grams) values (?, ?, ?, ?, ?, ?, ?, ?, ?, ?, ?, ?, ?, ?, ?, ?, ?)
2022-12-10T15:44:09.752-05:00 DEBUG 63538 --- [    Test worker] org.hibernate.SQL                        : insert into store_item (added, bisabolol_percent, caryophyllene_percent, cbd_percent, humulene_percent, limonene_percent, linalool_percent, myrcene_percent, pinene_percent, price_dollars, store_id, strain, subspecies_id, terpinolene_percent, thc_percent, vendor, weight_grams) values (?, ?, ?, ?, ?, ?, ?, ?, ?, ?, ?, ?, ?, ?, ?, ?, ?)
2022-12-10T15:44:09.753-05:00 DEBUG 63538 --- [    Test worker] org.hibernate.SQL                        : insert into store_item (added, bisabolol_percent, caryophyllene_percent, cbd_percent, humulene_percent, limonene_percent, linalool_percent, myrcene_percent, pinene_percent, price_dollars, store_id, strain, subspecies_id, terpinolene_percent, thc_percent, vendor, weight_grams) values (?, ?, ?, ?, ?, ?, ?, ?, ?, ?, ?, ?, ?, ?, ?, ?, ?)
2022-12-10T15:44:09.755-05:00 DEBUG 63538 --- [    Test worker] org.hibernate.SQL                        : insert into store_item (added, bisabolol_percent, caryophyllene_percent, cbd_percent, humulene_percent, limonene_percent, linalool_percent, myrcene_percent, pinene_percent, price_dollars, store_id, strain, subspecies_id, terpinolene_percent, thc_percent, vendor, weight_grams) values (?, ?, ?, ?, ?, ?, ?, ?, ?, ?, ?, ?, ?, ?, ?, ?, ?)
2022-12-10T15:44:09.756-05:00 DEBUG 63538 --- [    Test worker] org.hibernate.SQL                        : insert into store_item (added, bisabolol_percent, caryophyllene_percent, cbd_percent, humulene_percent, limonene_percent, linalool_percent, myrcene_percent, pinene_percent, price_dollars, store_id, strain, subspecies_id, terpinolene_percent, thc_percent, vendor, weight_grams) values (?, ?, ?, ?, ?, ?, ?, ?, ?, ?, ?, ?, ?, ?, ?, ?, ?)
2022-12-10T15:44:09.760-05:00 DEBUG 63538 --- [    Test worker] org.hibernate.SQL                        : select u1_0.id from app_user u1_0 where u1_0.username=? fetch first ? rows only
2022-12-10T15:44:09.836-05:00 DEBUG 63538 --- [    Test worker] org.hibernate.SQL                        : insert into app_user (display_name, email, enabled, password, registration_time, username) values (?, ?, ?, ?, ?, ?)
2022-12-10T15:44:09.839-05:00 DEBUG 63538 --- [    Test worker] org.hibernate.SQL                        : insert into search_config (active, last_search, user_id) values (?, ?, ?)
2022-12-10T15:44:09.840-05:00 DEBUG 63538 --- [    Test worker] org.hibernate.SQL                        : insert into user_role (user_id, role_id) values (?, ?)
Couldn't parse item {strain=GRAMS , terpinolene=, cbd=CBD, caryophyllene=, myrcene=, type=_Grams, thc=THC, limonene=, humulene=, vendor=GROWER, price=$, dominance=, linalool=, category=flower, wt=WT, bisabolol=, pinene=, allterpsblank=}, exception message: Could not extract subspecies from Strain img
Couldn't parse item {strain=<img src="https://keystoneshops.com/media/Hybrid-Icon-100.png" alt="Hybrid" width="20" height="20"> Birthday Cake <img src="https://keystoneshops.com/media/Caryophyllene-Icon-100.png" alt="Caryophyllene" width="13" height="13">   <img src="https://keystoneshops.com/media/Myrcene-Icon-100.png" alt="Myrcene" width="13" height="13">   <img src="https://keystoneshops.com/media/Limonene-Icon-100.png" alt="Limonene" width="13" height="13">  , terpinolene=, cbd=0.00%, caryophyllene=0.61%, myrcene=0.55%, type=Grams, thc=25.67%, limonene=0.28%, humulene=0.16%, vendor=Grassroots, price=, dominance=, linalool=0.19%, category=flower, wt=, bisabolol=0.07%, pinene=0.03%, allterpsblank=}, exception message: Could not parse price from 
Couldn't parse item {strain=<img src="https://keystoneshops.com/media/Hybrid-Icon-100.png" alt="Hybrid" width="20" height="20"> Garlic Cookies <img src="https://keystoneshops.com/media/Myrcene-Icon-100.png" alt="Myrcene" width="13" height="13">   <img src="https://keystoneshops.com/media/Limonene-Icon-100.png" alt="Limonene" width="13" height="13">   <img src="https://keystoneshops.com/media/Caryophyllene-Icon-100.png" alt="Caryophyllene" width="13" height="13">  , terpinolene=0.00%, cbd=0.00%, caryophyllene=0.35%, myrcene=0.49%, type=Grams, thc=29.19%, limonene=0.43%, humulene=0.14%, vendor=Grassroots, price=, dominance=, linalool=0.06%, category=flower, wt=, bisabolol=0.11%, pinene=0.03%, allterpsblank=}, exception message: Could not parse price from 
Couldn't parse item {strain=<img src="https://keystoneshops.com/media/Hybrid-Icon-100.png" alt="Hybrid" width="20" height="20"> Star Dawg x Northern Lights Haze #1 <img src="https://keystoneshops.com/media/Caryophyllene-Icon-100.png" alt="Caryophyllene" width="13" height="13">   <img src="https://keystoneshops.com/media/Limonene-Icon-100.png" alt="Limonene" width="13" height="13">   <img src="https://keystoneshops.com/media/Linalool-Icon-100.png" alt="Linalool" width="13" height="13">  , terpinolene=0.00%, cbd=0.00%, caryophyllene=0.49%, myrcene=0.19%, type=Grams, thc=21.74%, limonene=0.29%, humulene=0.15%, vendor=Grassroots, price=, dominance=, linalool=0.20%, category=flower, wt=, bisabolol=0.14%, pinene=0.02%, allterpsblank=}, exception message: Could not parse price from 
Couldn't parse item {strain=EIGHTHS , terpinolene=, cbd=CBD, caryophyllene=, myrcene=, type=_Eighths, thc=THC, limonene=, humulene=, vendor=GROWER, price=$, dominance=, linalool=, category=flower, wt=WT, bisabolol=, pinene=, allterpsblank=}, exception message: Could not extract subspecies from Strain img
Couldn't parse item {strain=QUARTERS , terpinolene=, cbd=CBD, caryophyllene=, myrcene=, type=_Quarters, thc=THC, limonene=, humulene=, vendor=GROWER, price=$, dominance=, linalool=, category=flower, wt=WT, bisabolol=, pinene=, allterpsblank=}, exception message: Could not extract subspecies from Strain img
2022-12-10T15:44:09.850-05:00 DEBUG 63538 --- [    Test worker] org.hibernate.SQL                        : select s1_0.id,s1_0.name,s1_0.website from store s1_0 where s1_0.name=?
2022-12-10T15:44:09.853-05:00 DEBUG 63538 --- [    Test worker] org.hibernate.SQL                        : select i1_0.store_id,i1_0.id,i1_0.added,i1_0.bisabolol_percent,i1_0.caryophyllene_percent,i1_0.cbd_percent,i1_0.humulene_percent,i1_0.limonene_percent,i1_0.linalool_percent,i1_0.myrcene_percent,i1_0.pinene_percent,i1_0.price_dollars,i1_0.strain,i1_0.subspecies_id,i1_0.terpinolene_percent,i1_0.thc_percent,i1_0.vendor,i1_0.weight_grams from store_item i1_0 where i1_0.store_id=?
2022-12-10T15:44:09.861-05:00 DEBUG 63538 --- [    Test worker] org.hibernate.SQL                        : insert into store_item (added, bisabolol_percent, caryophyllene_percent, cbd_percent, humulene_percent, limonene_percent, linalool_percent, myrcene_percent, pinene_percent, price_dollars, store_id, strain, subspecies_id, terpinolene_percent, thc_percent, vendor, weight_grams) values (?, ?, ?, ?, ?, ?, ?, ?, ?, ?, ?, ?, ?, ?, ?, ?, ?)
2022-12-10T15:44:09.863-05:00 DEBUG 63538 --- [    Test worker] org.hibernate.SQL                        : insert into store_item (added, bisabolol_percent, caryophyllene_percent, cbd_percent, humulene_percent, limonene_percent, linalool_percent, myrcene_percent, pinene_percent, price_dollars, store_id, strain, subspecies_id, terpinolene_percent, thc_percent, vendor, weight_grams) values (?, ?, ?, ?, ?, ?, ?, ?, ?, ?, ?, ?, ?, ?, ?, ?, ?)
2022-12-10T15:44:09.865-05:00 DEBUG 63538 --- [    Test worker] org.hibernate.SQL                        : insert into store_item (added, bisabolol_percent, caryophyllene_percent, cbd_percent, humulene_percent, limonene_percent, linalool_percent, myrcene_percent, pinene_percent, price_dollars, store_id, strain, subspecies_id, terpinolene_percent, thc_percent, vendor, weight_grams) values (?, ?, ?, ?, ?, ?, ?, ?, ?, ?, ?, ?, ?, ?, ?, ?, ?)
2022-12-10T15:44:09.866-05:00 DEBUG 63538 --- [    Test worker] org.hibernate.SQL                        : insert into store_item (added, bisabolol_percent, caryophyllene_percent, cbd_percent, humulene_percent, limonene_percent, linalool_percent, myrcene_percent, pinene_percent, price_dollars, store_id, strain, subspecies_id, terpinolene_percent, thc_percent, vendor, weight_grams) values (?, ?, ?, ?, ?, ?, ?, ?, ?, ?, ?, ?, ?, ?, ?, ?, ?)
2022-12-10T15:44:09.867-05:00 DEBUG 63538 --- [    Test worker] org.hibernate.SQL                        : insert into store_item (added, bisabolol_percent, caryophyllene_percent, cbd_percent, humulene_percent, limonene_percent, linalool_percent, myrcene_percent, pinene_percent, price_dollars, store_id, strain, subspecies_id, terpinolene_percent, thc_percent, vendor, weight_grams) values (?, ?, ?, ?, ?, ?, ?, ?, ?, ?, ?, ?, ?, ?, ?, ?, ?)
2022-12-10T15:44:09.869-05:00 DEBUG 63538 --- [    Test worker] org.hibernate.SQL                        : insert into store_item (added, bisabolol_percent, caryophyllene_percent, cbd_percent, humulene_percent, limonene_percent, linalool_percent, myrcene_percent, pinene_percent, price_dollars, store_id, strain, subspecies_id, terpinolene_percent, thc_percent, vendor, weight_grams) values (?, ?, ?, ?, ?, ?, ?, ?, ?, ?, ?, ?, ?, ?, ?, ?, ?)
2022-12-10T15:44:09.871-05:00 DEBUG 63538 --- [    Test worker] org.hibernate.SQL                        : delete from store_item where id=?
2022-12-10T15:44:09.872-05:00 DEBUG 63538 --- [    Test worker] org.hibernate.SQL                        : delete from store_item where id=?
2022-12-10T15:44:09.873-05:00 DEBUG 63538 --- [    Test worker] org.hibernate.SQL                        : delete from store_item where id=?
2022-12-10T15:44:09.874-05:00 DEBUG 63538 --- [    Test worker] org.hibernate.SQL                        : delete from store_item where id=?
2022-12-10T15:44:09.876-05:00 DEBUG 63538 --- [    Test worker] org.hibernate.SQL                        : select s1_0.user_id,s1_0.active,s1_0.last_search,s2_0.search_config_id,s2_1.id,s2_1.name,s2_1.website,s3_0.search_config_id,s3_0.id from search_config s1_0 left join (search_config_store s2_0 join store s2_1 on s2_1.id=s2_0.store_id) on s1_0.user_id=s2_0.search_config_id left join saved_search s3_0 on s1_0.user_id=s3_0.search_config_id join app_user u1_0 on u1_0.id=s1_0.user_id where u1_0.username=?
2022-12-10T15:44:09.879-05:00 DEBUG 63538 --- [    Test worker] org.hibernate.SQL                        : select s1_0.id,s1_0.name,s1_0.website from store s1_0 where s1_0.name in(?)
2022-12-10T15:44:09.881-05:00 DEBUG 63538 --- [    Test worker] org.hibernate.SQL                        : insert into saved_search (search_config_id) values (?)
2022-12-10T15:44:09.882-05:00 DEBUG 63538 --- [    Test worker] org.hibernate.SQL                        : insert into search_parameter (field, operator_id, saved_search_id, value) values (?, ?, ?, ?)
2022-12-10T15:44:09.883-05:00 DEBUG 63538 --- [    Test worker] org.hibernate.SQL                        : insert into search_parameter (field, operator_id, saved_search_id, value) values (?, ?, ?, ?)
2022-12-10T15:44:09.885-05:00 DEBUG 63538 --- [    Test worker] org.hibernate.SQL                        : insert into search_parameter (field, operator_id, saved_search_id, value) values (?, ?, ?, ?)
2022-12-10T15:44:09.886-05:00 DEBUG 63538 --- [    Test worker] org.hibernate.SQL                        : insert into search_parameter (field, operator_id, saved_search_id, value) values (?, ?, ?, ?)
2022-12-10T15:44:09.887-05:00 DEBUG 63538 --- [    Test worker] org.hibernate.SQL                        : insert into search_config_store (search_config_id, store_id) values (?, ?)
2022-12-10T15:44:09.889-05:00 DEBUG 63538 --- [    Test worker] org.hibernate.SQL                        : select s1_0.user_id,s1_0.active,s1_0.last_search,s2_0.search_config_id,s2_1.id,s2_1.name,s2_1.website,s3_0.search_config_id,s3_0.id from search_config s1_0 left join (search_config_store s2_0 join store s2_1 on s2_1.id=s2_0.store_id) on s1_0.user_id=s2_0.search_config_id left join saved_search s3_0 on s1_0.user_id=s3_0.search_config_id join app_user u1_0 on u1_0.id=s1_0.user_id where u1_0.username=? and s1_0.active=true
2022-12-10T15:44:09.892-05:00 DEBUG 63538 --- [    Test worker] org.hibernate.SQL                        : select s1_0.saved_search_id,s1_0.id,s1_0.field,s1_0.operator_id,s1_0.value from search_parameter s1_0 where s1_0.saved_search_id=?
2022-12-10T15:44:09.894-05:00 DEBUG 63538 --- [    Test worker] org.hibernate.SQL                        : select s1_0.id,s1_0.added,s1_0.bisabolol_percent,s1_0.caryophyllene_percent,s1_0.cbd_percent,s1_0.humulene_percent,s1_0.limonene_percent,s1_0.linalool_percent,s1_0.myrcene_percent,s1_0.pinene_percent,s1_0.price_dollars,s1_0.store_id,s1_0.strain,s1_0.subspecies_id,s1_0.terpinolene_percent,s1_0.thc_percent,s1_0.vendor,s1_0.weight_grams from store_item s1_0 join store s2_0 on s2_0.id=s1_0.store_id where s1_0.linalool_percent>=? and s1_0.terpinolene_percent>=? and s1_0.vendor=? and s1_0.myrcene_percent>=? and s2_0.name in(?) and s1_0.added>?
2022-12-10T15:44:09.900-05:00  INFO 63538 --- [    Test worker] o.t.zdd.server.IntegrationTest           : 
2022-12-10T15:44:09.900-05:00  INFO 63538 --- [    Test worker] o.t.zdd.server.IntegrationTest           : =======================================================================================
2022-12-10T15:44:09.900-05:00  INFO 63538 --- [    Test worker] o.t.zdd.server.IntegrationTest           : Executing test Test Specification queries from dto request
2022-12-10T15:44:09.900-05:00  INFO 63538 --- [    Test worker] o.t.zdd.server.IntegrationTest           : using web server port 52866
2022-12-10T15:44:09.900-05:00  INFO 63538 --- [    Test worker] o.t.zdd.server.IntegrationTest           : TestContainer jdbc url: jdbc:postgresql://localhost:5432/test?autosave=conservative&loggerLevel=OFF
2022-12-10T15:44:09.900-05:00  INFO 63538 --- [    Test worker] o.t.zdd.server.IntegrationTest           : TestContainer username: test
2022-12-10T15:44:09.900-05:00  INFO 63538 --- [    Test worker] o.t.zdd.server.IntegrationTest           : TestContainer password: test
2022-12-10T15:44:09.900-05:00  INFO 63538 --- [    Test worker] o.t.zdd.server.IntegrationTest           : 
2022-12-10T15:44:09.901-05:00 DEBUG 63538 --- [    Test worker] org.hibernate.SQL                        : insert into store (name, website) values (?, ?)
Couldn't parse item {strain=GRAMS , terpinolene=, cbd=CBD, caryophyllene=, myrcene=, type=_Grams, thc=THC, limonene=, humulene=, vendor=GROWER, price=$, dominance=, linalool=, category=flower, wt=WT, bisabolol=, pinene=, allterpsblank=}, exception message: Could not extract subspecies from Strain img
Couldn't parse item {strain=<img src="https://keystoneshops.com/media/Hybrid-Icon-100.png" alt="Hybrid" width="20" height="20"> Birthday Cake <img src="https://keystoneshops.com/media/Caryophyllene-Icon-100.png" alt="Caryophyllene" width="13" height="13">   <img src="https://keystoneshops.com/media/Myrcene-Icon-100.png" alt="Myrcene" width="13" height="13">   <img src="https://keystoneshops.com/media/Limonene-Icon-100.png" alt="Limonene" width="13" height="13">  , terpinolene=, cbd=0.00%, caryophyllene=0.61%, myrcene=0.55%, type=Grams, thc=25.67%, limonene=0.28%, humulene=0.16%, vendor=Grassroots, price=, dominance=, linalool=0.19%, category=flower, wt=, bisabolol=0.07%, pinene=0.03%, allterpsblank=}, exception message: Could not parse price from 
Couldn't parse item {strain=<img src="https://keystoneshops.com/media/Hybrid-Icon-100.png" alt="Hybrid" width="20" height="20"> Garlic Cookies <img src="https://keystoneshops.com/media/Myrcene-Icon-100.png" alt="Myrcene" width="13" height="13">   <img src="https://keystoneshops.com/media/Limonene-Icon-100.png" alt="Limonene" width="13" height="13">   <img src="https://keystoneshops.com/media/Caryophyllene-Icon-100.png" alt="Caryophyllene" width="13" height="13">  , terpinolene=0.00%, cbd=0.00%, caryophyllene=0.35%, myrcene=0.49%, type=Grams, thc=29.19%, limonene=0.43%, humulene=0.14%, vendor=Grassroots, price=, dominance=, linalool=0.06%, category=flower, wt=, bisabolol=0.11%, pinene=0.03%, allterpsblank=}, exception message: Could not parse price from 
Couldn't parse item {strain=<img src="https://keystoneshops.com/media/Hybrid-Icon-100.png" alt="Hybrid" width="20" height="20"> Star Dawg x Northern Lights Haze #1 <img src="https://keystoneshops.com/media/Caryophyllene-Icon-100.png" alt="Caryophyllene" width="13" height="13">   <img src="https://keystoneshops.com/media/Limonene-Icon-100.png" alt="Limonene" width="13" height="13">   <img src="https://keystoneshops.com/media/Linalool-Icon-100.png" alt="Linalool" width="13" height="13">  , terpinolene=0.00%, cbd=0.00%, caryophyllene=0.49%, myrcene=0.19%, type=Grams, thc=21.74%, limonene=0.29%, humulene=0.15%, vendor=Grassroots, price=, dominance=, linalool=0.20%, category=flower, wt=, bisabolol=0.14%, pinene=0.02%, allterpsblank=}, exception message: Could not parse price from 
Couldn't parse item {strain=<img src="https://keystoneshops.com/media/Indica-Icon-100.png" alt="Indica" width="20" height="20"> WiFi Glue <img src="https://keystoneshops.com/media/Caryophyllene-Icon-100.png" alt="Caryophyllene" width="13" height="13">   <img src="https://keystoneshops.com/media/Limonene-Icon-100.png" alt="Limonene" width="13" height="13">   <img src="https://keystoneshops.com/media/Humulene-Icon-100.png" alt="Humulene" width="13" height="13">  , terpinolene=, cbd=0.08%, caryophyllene=0.94%, myrcene=0.27%, type=Grams, thc=30.43%, limonene=0.38%, humulene=0.28%, vendor=gLeaf, price=, dominance=, linalool=0.06%, category=flower, wt=, bisabolol=0.05%, pinene=0.03%, allterpsblank=}, exception message: Could not parse price from 
Couldn't parse item {strain=EIGHTHS , terpinolene=, cbd=CBD, caryophyllene=, myrcene=, type=_Eighths, thc=THC, limonene=, humulene=, vendor=GROWER, price=$, dominance=, linalool=, category=flower, wt=WT, bisabolol=, pinene=, allterpsblank=}, exception message: Could not extract subspecies from Strain img
Couldn't parse item {strain=QUARTERS , terpinolene=, cbd=CBD, caryophyllene=, myrcene=, type=_Quarters, thc=THC, limonene=, humulene=, vendor=GROWER, price=$, dominance=, linalool=, category=flower, wt=WT, bisabolol=, pinene=, allterpsblank=}, exception message: Could not extract subspecies from Strain img
2022-12-10T15:44:09.911-05:00 DEBUG 63538 --- [    Test worker] org.hibernate.SQL                        : select s1_0.id,s1_0.name,s1_0.website from store s1_0 where s1_0.name=?
[...]
2022-12-10T15:44:10.524-05:00 DEBUG 63538 --- [    Test worker] org.hibernate.SQL                        : select s1_0.saved_search_id,s1_0.id,s1_0.field,s1_0.operator_id,s1_0.value from search_parameter s1_0 where s1_0.saved_search_id=?
2022-12-10T15:44:10.526-05:00 DEBUG 63538 --- [    Test worker] org.hibernate.SQL                        : select s1_0.id,s1_0.added,s1_0.bisabolol_percent,s1_0.caryophyllene_percent,s1_0.cbd_percent,s1_0.humulene_percent,s1_0.limonene_percent,s1_0.linalool_percent,s1_0.myrcene_percent,s1_0.pinene_percent,s1_0.price_dollars,s1_0.store_id,s1_0.strain,s1_0.subspecies_id,s1_0.terpinolene_percent,s1_0.thc_percent,s1_0.vendor,s1_0.weight_grams from store_item s1_0 join store s2_0 on s2_0.id=s1_0.store_id where s1_0.thc_percent>=? and s2_0.name in(?) and s1_0.added>?
2022-12-10T15:44:10.529-05:00 DEBUG 63538 --- [    Test worker] org.hibernate.SQL                        : select s1_0.user_id,s1_0.active,s1_0.last_search,s2_0.search_config_id,s2_1.id,s2_1.name,s2_1.website,s3_0.search_config_id,s3_0.id from search_config s1_0 left join (search_config_store s2_0 join store s2_1 on s2_1.id=s2_0.store_id) on s1_0.user_id=s2_0.search_config_id left join saved_search s3_0 on s1_0.user_id=s3_0.search_config_id join app_user u1_0 on u1_0.id=s1_0.user_id where u1_0.username=?
2022-12-10T15:44:10.530-05:00 DEBUG 63538 --- [    Test worker] org.hibernate.SQL                        : select s1_0.id,s1_0.name,s1_0.website from store s1_0 where s1_0.name in(?)
2022-12-10T15:44:10.532-05:00 DEBUG 63538 --- [    Test worker] org.hibernate.SQL                        : insert into saved_search (search_config_id) values (?)
2022-12-10T15:44:10.533-05:00 DEBUG 63538 --- [    Test worker] org.hibernate.SQL                        : insert into search_parameter (field, operator_id, saved_search_id, value) values (?, ?, ?, ?)
2022-12-10T15:44:10.534-05:00 DEBUG 63538 --- [    Test worker] org.hibernate.SQL                        : select s1_0.saved_search_id,s1_0.id,s1_0.field,s1_0.operator_id,s1_0.value from search_parameter s1_0 where s1_0.saved_search_id=?
2022-12-10T15:44:10.535-05:00 DEBUG 63538 --- [    Test worker] org.hibernate.SQL                        : delete from search_parameter where id=?
2022-12-10T15:44:10.536-05:00 DEBUG 63538 --- [    Test worker] org.hibernate.SQL                        : delete from saved_search where id=?
2022-12-10T15:44:10.539-05:00 DEBUG 63538 --- [    Test worker] org.hibernate.SQL                        : select s1_0.user_id,s1_0.active,s1_0.last_search,s2_0.search_config_id,s2_1.id,s2_1.name,s2_1.website,s3_0.search_config_id,s3_0.id from search_config s1_0 left join (search_config_store s2_0 join store s2_1 on s2_1.id=s2_0.store_id) on s1_0.user_id=s2_0.search_config_id left join saved_search s3_0 on s1_0.user_id=s3_0.search_config_id join app_user u1_0 on u1_0.id=s1_0.user_id where u1_0.username=? and s1_0.active=true
2022-12-10T15:44:10.541-05:00 DEBUG 63538 --- [    Test worker] org.hibernate.SQL                        : select s1_0.saved_search_id,s1_0.id,s1_0.field,s1_0.operator_id,s1_0.value from search_parameter s1_0 where s1_0.saved_search_id=?
2022-12-10T15:44:10.544-05:00 DEBUG 63538 --- [    Test worker] org.hibernate.SQL                        : select s1_0.id,s1_0.added,s1_0.bisabolol_percent,s1_0.caryophyllene_percent,s1_0.cbd_percent,s1_0.humulene_percent,s1_0.limonene_percent,s1_0.linalool_percent,s1_0.myrcene_percent,s1_0.pinene_percent,s1_0.price_dollars,s1_0.store_id,s1_0.strain,s1_0.subspecies_id,s1_0.terpinolene_percent,s1_0.thc_percent,s1_0.vendor,s1_0.weight_grams from store_item s1_0 join store s2_0 on s2_0.id=s1_0.store_id where s1_0.cbd_percent=? and s2_0.name in(?) and s1_0.added>?
2022-12-10T15:44:10.548-05:00 DEBUG 63538 --- [    Test worker] org.hibernate.SQL                        : select s1_0.user_id,s1_0.active,s1_0.last_search,s2_0.search_config_id,s2_1.id,s2_1.name,s2_1.website,s3_0.search_config_id,s3_0.id from search_config s1_0 left join (search_config_store s2_0 join store s2_1 on s2_1.id=s2_0.store_id) on s1_0.user_id=s2_0.search_config_id left join saved_search s3_0 on s1_0.user_id=s3_0.search_config_id join app_user u1_0 on u1_0.id=s1_0.user_id where u1_0.username=?
2022-12-10T15:44:10.550-05:00 DEBUG 63538 --- [    Test worker] org.hibernate.SQL                        : select s1_0.id,s1_0.name,s1_0.website from store s1_0 where s1_0.name in(?)
2022-12-10T15:44:10.552-05:00 DEBUG 63538 --- [    Test worker] org.hibernate.SQL                        : insert into saved_search (search_config_id) values (?)
2022-12-10T15:44:10.553-05:00 DEBUG 63538 --- [    Test worker] org.hibernate.SQL                        : insert into search_parameter (field, operator_id, saved_search_id, value) values (?, ?, ?, ?)
2022-12-10T15:44:10.555-05:00 DEBUG 63538 --- [    Test worker] org.hibernate.SQL                        : select s1_0.saved_search_id,s1_0.id,s1_0.field,s1_0.operator_id,s1_0.value from search_parameter s1_0 where s1_0.saved_search_id=?
2022-12-10T15:44:10.556-05:00 DEBUG 63538 --- [    Test worker] org.hibernate.SQL                        : delete from search_parameter where id=?
2022-12-10T15:44:10.558-05:00 DEBUG 63538 --- [    Test worker] org.hibernate.SQL                        : delete from saved_search where id=?
2022-12-10T15:44:10.561-05:00 DEBUG 63538 --- [    Test worker] org.hibernate.SQL                        : select s1_0.user_id,s1_0.active,s1_0.last_search,s2_0.search_config_id,s2_1.id,s2_1.name,s2_1.website,s3_0.search_config_id,s3_0.id from search_config s1_0 left join (search_config_store s2_0 join store s2_1 on s2_1.id=s2_0.store_id) on s1_0.user_id=s2_0.search_config_id left join saved_search s3_0 on s1_0.user_id=s3_0.search_config_id join app_user u1_0 on u1_0.id=s1_0.user_id where u1_0.username=? and s1_0.active=true
2022-12-10T15:44:10.563-05:00 DEBUG 63538 --- [    Test worker] org.hibernate.SQL                        : select s1_0.saved_search_id,s1_0.id,s1_0.field,s1_0.operator_id,s1_0.value from search_parameter s1_0 where s1_0.saved_search_id=?
2022-12-10T15:44:10.565-05:00 DEBUG 63538 --- [    Test worker] org.hibernate.SQL                        : select s1_0.id,s1_0.added,s1_0.bisabolol_percent,s1_0.caryophyllene_percent,s1_0.cbd_percent,s1_0.humulene_percent,s1_0.limonene_percent,s1_0.linalool_percent,s1_0.myrcene_percent,s1_0.pinene_percent,s1_0.price_dollars,s1_0.store_id,s1_0.strain,s1_0.subspecies_id,s1_0.terpinolene_percent,s1_0.thc_percent,s1_0.vendor,s1_0.weight_grams from store_item s1_0 join store s2_0 on s2_0.id=s1_0.store_id where s1_0.cbd_percent>? and s2_0.name in(?) and s1_0.added>?
2022-12-10T15:44:10.569-05:00 DEBUG 63538 --- [    Test worker] org.hibernate.SQL                        : select s1_0.user_id,s1_0.active,s1_0.last_search,s2_0.search_config_id,s2_1.id,s2_1.name,s2_1.website,s3_0.search_config_id,s3_0.id from search_config s1_0 left join (search_config_store s2_0 join store s2_1 on s2_1.id=s2_0.store_id) on s1_0.user_id=s2_0.search_config_id left join saved_search s3_0 on s1_0.user_id=s3_0.search_config_id join app_user u1_0 on u1_0.id=s1_0.user_id where u1_0.username=?
2022-12-10T15:44:10.571-05:00 DEBUG 63538 --- [    Test worker] org.hibernate.SQL                        : select s1_0.id,s1_0.name,s1_0.website from store s1_0 where s1_0.name in(?)
2022-12-10T15:44:10.573-05:00 DEBUG 63538 --- [    Test worker] org.hibernate.SQL                        : insert into saved_search (search_config_id) values (?)
2022-12-10T15:44:10.574-05:00 DEBUG 63538 --- [    Test worker] org.hibernate.SQL                        : insert into search_parameter (field, operator_id, saved_search_id, value) values (?, ?, ?, ?)
2022-12-10T15:44:10.575-05:00 DEBUG 63538 --- [    Test worker] org.hibernate.SQL                        : select s1_0.saved_search_id,s1_0.id,s1_0.field,s1_0.operator_id,s1_0.value from search_parameter s1_0 where s1_0.saved_search_id=?
2022-12-10T15:44:10.577-05:00 DEBUG 63538 --- [    Test worker] org.hibernate.SQL                        : delete from search_parameter where id=?
2022-12-10T15:44:10.578-05:00 DEBUG 63538 --- [    Test worker] org.hibernate.SQL                        : delete from saved_search where id=?
2022-12-10T15:44:10.581-05:00 DEBUG 63538 --- [    Test worker] org.hibernate.SQL                        : select s1_0.user_id,s1_0.active,s1_0.last_search,s2_0.search_config_id,s2_1.id,s2_1.name,s2_1.website,s3_0.search_config_id,s3_0.id from search_config s1_0 left join (search_config_store s2_0 join store s2_1 on s2_1.id=s2_0.store_id) on s1_0.user_id=s2_0.search_config_id left join saved_search s3_0 on s1_0.user_id=s3_0.search_config_id join app_user u1_0 on u1_0.id=s1_0.user_id where u1_0.username=? and s1_0.active=true
2022-12-10T15:44:10.584-05:00 DEBUG 63538 --- [    Test worker] org.hibernate.SQL                        : select s1_0.saved_search_id,s1_0.id,s1_0.field,s1_0.operator_id,s1_0.value from search_parameter s1_0 where s1_0.saved_search_id=?
2022-12-10T15:44:10.586-05:00 DEBUG 63538 --- [    Test worker] org.hibernate.SQL                        : select s1_0.id,s1_0.added,s1_0.bisabolol_percent,s1_0.caryophyllene_percent,s1_0.cbd_percent,s1_0.humulene_percent,s1_0.limonene_percent,s1_0.linalool_percent,s1_0.myrcene_percent,s1_0.pinene_percent,s1_0.price_dollars,s1_0.store_id,s1_0.strain,s1_0.subspecies_id,s1_0.terpinolene_percent,s1_0.thc_percent,s1_0.vendor,s1_0.weight_grams from store_item s1_0 join store s2_0 on s2_0.id=s1_0.store_id where s1_0.weight_grams=? and s2_0.name in(?) and s1_0.added>?
2022-12-10T15:44:10.589-05:00 DEBUG 63538 --- [    Test worker] org.hibernate.SQL                        : select s1_0.user_id,s1_0.active,s1_0.last_search,s2_0.search_config_id,s2_1.id,s2_1.name,s2_1.website,s3_0.search_config_id,s3_0.id from search_config s1_0 left join (search_config_store s2_0 join store s2_1 on s2_1.id=s2_0.store_id) on s1_0.user_id=s2_0.search_config_id left join saved_search s3_0 on s1_0.user_id=s3_0.search_config_id join app_user u1_0 on u1_0.id=s1_0.user_id where u1_0.username=?
2022-12-10T15:44:10.592-05:00 DEBUG 63538 --- [    Test worker] org.hibernate.SQL                        : select s1_0.id,s1_0.name,s1_0.website from store s1_0 where s1_0.name in(?)
2022-12-10T15:44:10.594-05:00 DEBUG 63538 --- [    Test worker] org.hibernate.SQL                        : insert into saved_search (search_config_id) values (?)
2022-12-10T15:44:10.595-05:00 DEBUG 63538 --- [    Test worker] org.hibernate.SQL                        : insert into search_parameter (field, operator_id, saved_search_id, value) values (?, ?, ?, ?)
2022-12-10T15:44:10.597-05:00 DEBUG 63538 --- [    Test worker] org.hibernate.SQL                        : select s1_0.saved_search_id,s1_0.id,s1_0.field,s1_0.operator_id,s1_0.value from search_parameter s1_0 where s1_0.saved_search_id=?
2022-12-10T15:44:10.598-05:00 DEBUG 63538 --- [    Test worker] org.hibernate.SQL                        : delete from search_parameter where id=?
2022-12-10T15:44:10.599-05:00 DEBUG 63538 --- [    Test worker] org.hibernate.SQL                        : delete from saved_search where id=?
2022-12-10T15:44:10.601-05:00 DEBUG 63538 --- [    Test worker] org.hibernate.SQL                        : select s1_0.user_id,s1_0.active,s1_0.last_search,s2_0.search_config_id,s2_1.id,s2_1.name,s2_1.website,s3_0.search_config_id,s3_0.id from search_config s1_0 left join (search_config_store s2_0 join store s2_1 on s2_1.id=s2_0.store_id) on s1_0.user_id=s2_0.search_config_id left join saved_search s3_0 on s1_0.user_id=s3_0.search_config_id join app_user u1_0 on u1_0.id=s1_0.user_id where u1_0.username=? and s1_0.active=true
2022-12-10T15:44:10.603-05:00 DEBUG 63538 --- [    Test worker] org.hibernate.SQL                        : select s1_0.saved_search_id,s1_0.id,s1_0.field,s1_0.operator_id,s1_0.value from search_parameter s1_0 where s1_0.saved_search_id=?
2022-12-10T15:44:10.605-05:00 DEBUG 63538 --- [    Test worker] org.hibernate.SQL                        : select s1_0.id,s1_0.added,s1_0.bisabolol_percent,s1_0.caryophyllene_percent,s1_0.cbd_percent,s1_0.humulene_percent,s1_0.limonene_percent,s1_0.linalool_percent,s1_0.myrcene_percent,s1_0.pinene_percent,s1_0.price_dollars,s1_0.store_id,s1_0.strain,s1_0.subspecies_id,s1_0.terpinolene_percent,s1_0.thc_percent,s1_0.vendor,s1_0.weight_grams from store_item s1_0 join store s2_0 on s2_0.id=s1_0.store_id where s1_0.subspecies_id=? and s2_0.name in(?) and s1_0.added>?
2022-12-10T15:44:10.608-05:00 DEBUG 63538 --- [    Test worker] org.hibernate.SQL                        : select s1_0.user_id,s1_0.active,s1_0.last_search,s2_0.search_config_id,s2_1.id,s2_1.name,s2_1.website,s3_0.search_config_id,s3_0.id from search_config s1_0 left join (search_config_store s2_0 join store s2_1 on s2_1.id=s2_0.store_id) on s1_0.user_id=s2_0.search_config_id left join saved_search s3_0 on s1_0.user_id=s3_0.search_config_id join app_user u1_0 on u1_0.id=s1_0.user_id where u1_0.username=?
2022-12-10T15:44:10.610-05:00 DEBUG 63538 --- [    Test worker] org.hibernate.SQL                        : select s1_0.id,s1_0.name,s1_0.website from store s1_0 where s1_0.name in(?)
2022-12-10T15:44:10.612-05:00 DEBUG 63538 --- [    Test worker] org.hibernate.SQL                        : insert into saved_search (search_config_id) values (?)
2022-12-10T15:44:10.613-05:00 DEBUG 63538 --- [    Test worker] org.hibernate.SQL                        : insert into search_parameter (field, operator_id, saved_search_id, value) values (?, ?, ?, ?)
2022-12-10T15:44:10.614-05:00 DEBUG 63538 --- [    Test worker] org.hibernate.SQL                        : select s1_0.saved_search_id,s1_0.id,s1_0.field,s1_0.operator_id,s1_0.value from search_parameter s1_0 where s1_0.saved_search_id=?
2022-12-10T15:44:10.616-05:00 DEBUG 63538 --- [    Test worker] org.hibernate.SQL                        : delete from search_parameter where id=?
2022-12-10T15:44:10.617-05:00 DEBUG 63538 --- [    Test worker] org.hibernate.SQL                        : delete from saved_search where id=?
2022-12-10T15:44:10.619-05:00 DEBUG 63538 --- [    Test worker] org.hibernate.SQL                        : select s1_0.user_id,s1_0.active,s1_0.last_search,s2_0.search_config_id,s2_1.id,s2_1.name,s2_1.website,s3_0.search_config_id,s3_0.id from search_config s1_0 left join (search_config_store s2_0 join store s2_1 on s2_1.id=s2_0.store_id) on s1_0.user_id=s2_0.search_config_id left join saved_search s3_0 on s1_0.user_id=s3_0.search_config_id join app_user u1_0 on u1_0.id=s1_0.user_id where u1_0.username=? and s1_0.active=true
2022-12-10T15:44:10.621-05:00 DEBUG 63538 --- [    Test worker] org.hibernate.SQL                        : select s1_0.saved_search_id,s1_0.id,s1_0.field,s1_0.operator_id,s1_0.value from search_parameter s1_0 where s1_0.saved_search_id=?
2022-12-10T15:44:10.623-05:00 DEBUG 63538 --- [    Test worker] org.hibernate.SQL                        : select s1_0.id,s1_0.added,s1_0.bisabolol_percent,s1_0.caryophyllene_percent,s1_0.cbd_percent,s1_0.humulene_percent,s1_0.limonene_percent,s1_0.linalool_percent,s1_0.myrcene_percent,s1_0.pinene_percent,s1_0.price_dollars,s1_0.store_id,s1_0.strain,s1_0.subspecies_id,s1_0.terpinolene_percent,s1_0.thc_percent,s1_0.vendor,s1_0.weight_grams from store_item s1_0 join store s2_0 on s2_0.id=s1_0.store_id where s1_0.price_dollars<=? and s2_0.name in(?) and s1_0.added>?
2022-12-10T15:44:10.626-05:00 DEBUG 63538 --- [    Test worker] org.hibernate.SQL                        : select s1_0.user_id,s1_0.active,s1_0.last_search,s2_0.search_config_id,s2_1.id,s2_1.name,s2_1.website,s3_0.search_config_id,s3_0.id from search_config s1_0 left join (search_config_store s2_0 join store s2_1 on s2_1.id=s2_0.store_id) on s1_0.user_id=s2_0.search_config_id left join saved_search s3_0 on s1_0.user_id=s3_0.search_config_id join app_user u1_0 on u1_0.id=s1_0.user_id where u1_0.username=?
2022-12-10T15:44:10.627-05:00 DEBUG 63538 --- [    Test worker] org.hibernate.SQL                        : select s1_0.id,s1_0.name,s1_0.website from store s1_0 where s1_0.name in(?)
2022-12-10T15:44:10.629-05:00 DEBUG 63538 --- [    Test worker] org.hibernate.SQL                        : insert into saved_search (search_config_id) values (?)
2022-12-10T15:44:10.630-05:00 DEBUG 63538 --- [    Test worker] org.hibernate.SQL                        : insert into search_parameter (field, operator_id, saved_search_id, value) values (?, ?, ?, ?)
2022-12-10T15:44:10.631-05:00 DEBUG 63538 --- [    Test worker] org.hibernate.SQL                        : select s1_0.saved_search_id,s1_0.id,s1_0.field,s1_0.operator_id,s1_0.value from search_parameter s1_0 where s1_0.saved_search_id=?
2022-12-10T15:44:10.632-05:00 DEBUG 63538 --- [    Test worker] org.hibernate.SQL                        : delete from search_parameter where id=?
2022-12-10T15:44:10.633-05:00 DEBUG 63538 --- [    Test worker] org.hibernate.SQL                        : delete from saved_search where id=?
2022-12-10T15:44:10.634-05:00 DEBUG 63538 --- [    Test worker] org.hibernate.SQL                        : select s1_0.user_id,s1_0.active,s1_0.last_search,s2_0.search_config_id,s2_1.id,s2_1.name,s2_1.website,s3_0.search_config_id,s3_0.id from search_config s1_0 left join (search_config_store s2_0 join store s2_1 on s2_1.id=s2_0.store_id) on s1_0.user_id=s2_0.search_config_id left join saved_search s3_0 on s1_0.user_id=s3_0.search_config_id join app_user u1_0 on u1_0.id=s1_0.user_id where u1_0.username=? and s1_0.active=true
2022-12-10T15:44:10.636-05:00 DEBUG 63538 --- [    Test worker] org.hibernate.SQL                        : select s1_0.saved_search_id,s1_0.id,s1_0.field,s1_0.operator_id,s1_0.value from search_parameter s1_0 where s1_0.saved_search_id=?
2022-12-10T15:44:10.637-05:00 DEBUG 63538 --- [    Test worker] org.hibernate.SQL                        : select s1_0.id,s1_0.added,s1_0.bisabolol_percent,s1_0.caryophyllene_percent,s1_0.cbd_percent,s1_0.humulene_percent,s1_0.limonene_percent,s1_0.linalool_percent,s1_0.myrcene_percent,s1_0.pinene_percent,s1_0.price_dollars,s1_0.store_id,s1_0.strain,s1_0.subspecies_id,s1_0.terpinolene_percent,s1_0.thc_percent,s1_0.vendor,s1_0.weight_grams from store_item s1_0 join store s2_0 on s2_0.id=s1_0.store_id where s1_0.vendor=? and s2_0.name in(?) and s1_0.added>?
2022-12-10T15:44:10.640-05:00 DEBUG 63538 --- [    Test worker] org.hibernate.SQL                        : select s1_0.user_id,s1_0.active,s1_0.last_search,s2_0.search_config_id,s2_1.id,s2_1.name,s2_1.website,s3_0.search_config_id,s3_0.id from search_config s1_0 left join (search_config_store s2_0 join store s2_1 on s2_1.id=s2_0.store_id) on s1_0.user_id=s2_0.search_config_id left join saved_search s3_0 on s1_0.user_id=s3_0.search_config_id join app_user u1_0 on u1_0.id=s1_0.user_id where u1_0.username=? and s1_0.active=true
2022-12-10T15:44:10.642-05:00 DEBUG 63538 --- [    Test worker] org.hibernate.SQL                        : select s1_0.saved_search_id,s1_0.id,s1_0.field,s1_0.operator_id,s1_0.value from search_parameter s1_0 where s1_0.saved_search_id=?
2022-12-10T15:44:10.643-05:00 DEBUG 63538 --- [    Test worker] org.hibernate.SQL                        : select s1_0.id,s1_0.added,s1_0.bisabolol_percent,s1_0.caryophyllene_percent,s1_0.cbd_percent,s1_0.humulene_percent,s1_0.limonene_percent,s1_0.linalool_percent,s1_0.myrcene_percent,s1_0.pinene_percent,s1_0.price_dollars,s1_0.store_id,s1_0.strain,s1_0.subspecies_id,s1_0.terpinolene_percent,s1_0.thc_percent,s1_0.vendor,s1_0.weight_grams from store_item s1_0 join store s2_0 on s2_0.id=s1_0.store_id where s1_0.vendor=? and s2_0.name in(?) and s1_0.added>?
]]></system-out>
  <system-err><![CDATA[]]></system-err>
</testsuite>
